{"/home/admin6/Desktop/bridgelabz/algorithm/anagram.js":{"path":"/home/admin6/Desktop/bridgelabz/algorithm/anagram.js","statementMap":{"0":{"start":{"line":1,"column":12},"end":{"line":1,"column":41}},"1":{"start":{"line":2,"column":8},"end":{"line":2,"column":25}},"2":{"start":{"line":3,"column":0},"end":{"line":6,"column":41}},"3":{"start":{"line":4,"column":0},"end":{"line":4,"column":37}},"4":{"start":{"line":6,"column":0},"end":{"line":6,"column":41}}},"fnMap":{},"branchMap":{"0":{"loc":{"start":{"line":3,"column":0},"end":{"line":6,"column":41}},"type":"if","locations":[{"start":{"line":3,"column":0},"end":{"line":6,"column":41}},{"start":{"line":3,"column":0},"end":{"line":6,"column":41}}],"line":3}},"s":{"0":0,"1":0,"2":0,"3":0,"4":0},"f":{},"b":{"0":[0,0]}},"/home/admin6/Desktop/bridgelabz/algorithm/binarysearchword.js":{"path":"/home/admin6/Desktop/bridgelabz/algorithm/binarysearchword.js","statementMap":{"0":{"start":{"line":1,"column":12},"end":{"line":1,"column":41}},"1":{"start":{"line":2,"column":0},"end":{"line":2,"column":21}},"2":{"start":{"line":5,"column":9},"end":{"line":5,"column":22}},"3":{"start":{"line":6,"column":12},"end":{"line":6,"column":65}},"4":{"start":{"line":7,"column":0},"end":{"line":7,"column":34}}},"fnMap":{},"branchMap":{},"s":{"0":0,"1":0,"2":0,"3":0,"4":0},"f":{},"b":{}},"/home/admin6/Desktop/bridgelabz/algorithm/bubblesortoflist.js":{"path":"/home/admin6/Desktop/bridgelabz/algorithm/bubblesortoflist.js","statementMap":{"0":{"start":{"line":1,"column":12},"end":{"line":1,"column":41}},"1":{"start":{"line":2,"column":0},"end":{"line":2,"column":21}},"2":{"start":{"line":3,"column":9},"end":{"line":3,"column":22}},"3":{"start":{"line":4,"column":12},"end":{"line":4,"column":67}},"4":{"start":{"line":5,"column":8},"end":{"line":5,"column":33}}},"fnMap":{},"branchMap":{},"s":{"0":0,"1":0,"2":0,"3":0,"4":0},"f":{},"b":{}},"/home/admin6/Desktop/bridgelabz/algorithm/dayofweek.js":{"path":"/home/admin6/Desktop/bridgelabz/algorithm/dayofweek.js","statementMap":{"0":{"start":{"line":1,"column":12},"end":{"line":1,"column":41}},"1":{"start":{"line":2,"column":9},"end":{"line":2,"column":81}},"2":{"start":{"line":3,"column":8},"end":{"line":3,"column":27}},"3":{"start":{"line":4,"column":0},"end":{"line":4,"column":23}}},"fnMap":{},"branchMap":{},"s":{"0":0,"1":0,"2":0,"3":0},"f":{},"b":{}},"/home/admin6/Desktop/bridgelabz/algorithm/demo.js":{"path":"/home/admin6/Desktop/bridgelabz/algorithm/demo.js","statementMap":{"0":{"start":{"line":1,"column":0},"end":{"line":1,"column":24}},"1":{"start":{"line":4,"column":13},"end":{"line":4,"column":22}},"2":{"start":{"line":5,"column":14},"end":{"line":5,"column":19}},"3":{"start":{"line":6,"column":11},"end":{"line":6,"column":13}},"4":{"start":{"line":6,"column":17},"end":{"line":6,"column":19}},"5":{"start":{"line":8,"column":4},"end":{"line":9,"column":26}},"6":{"start":{"line":9,"column":8},"end":{"line":9,"column":26}},"7":{"start":{"line":10,"column":4},"end":{"line":11,"column":29}},"8":{"start":{"line":11,"column":8},"end":{"line":11,"column":29}},"9":{"start":{"line":14,"column":4},"end":{"line":14,"column":10}},"10":{"start":{"line":15,"column":4},"end":{"line":15,"column":10}},"11":{"start":{"line":16,"column":4},"end":{"line":16,"column":10}},"12":{"start":{"line":17,"column":4},"end":{"line":30,"column":5}},"13":{"start":{"line":19,"column":8},"end":{"line":28,"column":9}},"14":{"start":{"line":21,"column":12},"end":{"line":21,"column":26}},"15":{"start":{"line":22,"column":12},"end":{"line":22,"column":16}},"16":{"start":{"line":26,"column":12},"end":{"line":26,"column":26}},"17":{"start":{"line":27,"column":12},"end":{"line":27,"column":16}},"18":{"start":{"line":29,"column":8},"end":{"line":29,"column":12}},"19":{"start":{"line":32,"column":4},"end":{"line":37,"column":5}},"20":{"start":{"line":34,"column":8},"end":{"line":34,"column":22}},"21":{"start":{"line":35,"column":8},"end":{"line":35,"column":12}},"22":{"start":{"line":36,"column":8},"end":{"line":36,"column":12}},"23":{"start":{"line":40,"column":4},"end":{"line":45,"column":5}},"24":{"start":{"line":42,"column":8},"end":{"line":42,"column":22}},"25":{"start":{"line":43,"column":8},"end":{"line":43,"column":12}},"26":{"start":{"line":44,"column":8},"end":{"line":44,"column":12}},"27":{"start":{"line":50,"column":0},"end":{"line":50,"column":20}},"28":{"start":{"line":52,"column":4},"end":{"line":63,"column":5}},"29":{"start":{"line":56,"column":16},"end":{"line":56,"column":25}},"30":{"start":{"line":59,"column":8},"end":{"line":59,"column":29}},"31":{"start":{"line":60,"column":8},"end":{"line":60,"column":31}},"32":{"start":{"line":62,"column":8},"end":{"line":62,"column":33}},"33":{"start":{"line":68,"column":0},"end":{"line":68,"column":32}}},"fnMap":{},"branchMap":{"0":{"loc":{"start":{"line":17,"column":11},"end":{"line":17,"column":27}},"type":"binary-expr","locations":[{"start":{"line":17,"column":11},"end":{"line":17,"column":17}},{"start":{"line":17,"column":21},"end":{"line":17,"column":27}}],"line":17},"1":{"loc":{"start":{"line":19,"column":8},"end":{"line":28,"column":9}},"type":"if","locations":[{"start":{"line":19,"column":8},"end":{"line":28,"column":9}},{"start":{"line":19,"column":8},"end":{"line":28,"column":9}}],"line":19},"2":{"loc":{"start":{"line":52,"column":4},"end":{"line":63,"column":5}},"type":"if","locations":[{"start":{"line":52,"column":4},"end":{"line":63,"column":5}},{"start":{"line":52,"column":4},"end":{"line":63,"column":5}}],"line":52}},"s":{"0":0,"1":0,"2":0,"3":0,"4":0,"5":0,"6":0,"7":0,"8":0,"9":0,"10":0,"11":0,"12":0,"13":0,"14":0,"15":0,"16":0,"17":0,"18":0,"19":0,"20":0,"21":0,"22":0,"23":0,"24":0,"25":0,"26":0,"27":0,"28":0,"29":0,"30":0,"31":0,"32":0,"33":0},"f":{},"b":{"0":[0,0],"1":[0,0],"2":[0,0]}},"/home/admin6/Desktop/bridgelabz/algorithm/demoCC.js":{"path":"/home/admin6/Desktop/bridgelabz/algorithm/demoCC.js","statementMap":{"0":{"start":{"line":1,"column":13},"end":{"line":1,"column":37}},"1":{"start":{"line":2,"column":6},"end":{"line":2,"column":27}},"2":{"start":{"line":3,"column":0},"end":{"line":3,"column":14}},"3":{"start":{"line":4,"column":6},"end":{"line":4,"column":27}},"4":{"start":{"line":5,"column":0},"end":{"line":5,"column":14}},"5":{"start":{"line":6,"column":0},"end":{"line":11,"column":1}},"6":{"start":{"line":7,"column":0},"end":{"line":7,"column":20}},"7":{"start":{"line":10,"column":4},"end":{"line":10,"column":25}}},"fnMap":{},"branchMap":{"0":{"loc":{"start":{"line":6,"column":0},"end":{"line":11,"column":1}},"type":"if","locations":[{"start":{"line":6,"column":0},"end":{"line":11,"column":1}},{"start":{"line":6,"column":0},"end":{"line":11,"column":1}}],"line":6}},"s":{"0":0,"1":0,"2":0,"3":0,"4":0,"5":0,"6":0,"7":0},"f":{},"b":{"0":[0,0]}},"/home/admin6/Desktop/bridgelabz/algorithm/guessgame.js":{"path":"/home/admin6/Desktop/bridgelabz/algorithm/guessgame.js","statementMap":{"0":{"start":{"line":1,"column":12},"end":{"line":1,"column":41}},"1":{"start":{"line":2,"column":8},"end":{"line":2,"column":29}},"2":{"start":{"line":3,"column":0},"end":{"line":3,"column":42}}},"fnMap":{},"branchMap":{},"s":{"0":0,"1":0,"2":0},"f":{},"b":{}},"/home/admin6/Desktop/bridgelabz/algorithm/insertionsortoflist.js":{"path":"/home/admin6/Desktop/bridgelabz/algorithm/insertionsortoflist.js","statementMap":{"0":{"start":{"line":1,"column":0},"end":{"line":8,"column":1}},"1":{"start":{"line":1,"column":16},"end":{"line":1,"column":45}},"2":{"start":{"line":2,"column":9},"end":{"line":2,"column":22}},"3":{"start":{"line":3,"column":12},"end":{"line":3,"column":65}},"4":{"start":{"line":4,"column":8},"end":{"line":4,"column":42}},"5":{"start":{"line":5,"column":0},"end":{"line":5,"column":17}},"6":{"start":{"line":7,"column":4},"end":{"line":7,"column":21}}},"fnMap":{},"branchMap":{},"s":{"0":0,"1":0,"2":0,"3":0,"4":0,"5":0,"6":0},"f":{},"b":{}},"/home/admin6/Desktop/bridgelabz/algorithm/meargesortstrings.js":{"path":"/home/admin6/Desktop/bridgelabz/algorithm/meargesortstrings.js","statementMap":{"0":{"start":{"line":1,"column":8},"end":{"line":1,"column":21}},"1":{"start":{"line":2,"column":9},"end":{"line":2,"column":38}},"2":{"start":{"line":3,"column":8},"end":{"line":3,"column":42}},"3":{"start":{"line":4,"column":0},"end":{"line":4,"column":17}}},"fnMap":{},"branchMap":{},"s":{"0":0,"1":0,"2":0,"3":0},"f":{},"b":{}},"/home/admin6/Desktop/bridgelabz/algorithm/montghlypayment.js":{"path":"/home/admin6/Desktop/bridgelabz/algorithm/montghlypayment.js","statementMap":{"0":{"start":{"line":1,"column":12},"end":{"line":1,"column":41}},"1":{"start":{"line":2,"column":8},"end":{"line":2,"column":32}},"2":{"start":{"line":3,"column":0},"end":{"line":3,"column":17}}},"fnMap":{},"branchMap":{},"s":{"0":0,"1":0,"2":0},"f":{},"b":{}},"/home/admin6/Desktop/bridgelabz/algorithm/prime.js":{"path":"/home/admin6/Desktop/bridgelabz/algorithm/prime.js","statementMap":{"0":{"start":{"line":1,"column":12},"end":{"line":1,"column":41}},"1":{"start":{"line":2,"column":0},"end":{"line":2,"column":16}}},"fnMap":{},"branchMap":{},"s":{"0":0,"1":0},"f":{},"b":{}},"/home/admin6/Desktop/bridgelabz/algorithm/primeanagrampalindrome.js":{"path":"/home/admin6/Desktop/bridgelabz/algorithm/primeanagrampalindrome.js","statementMap":{"0":{"start":{"line":1,"column":12},"end":{"line":1,"column":41}},"1":{"start":{"line":2,"column":0},"end":{"line":2,"column":24}}},"fnMap":{},"branchMap":{},"s":{"0":0,"1":0},"f":{},"b":{}},"/home/admin6/Desktop/bridgelabz/algorithm/sawpnibbles.js":{"path":"/home/admin6/Desktop/bridgelabz/algorithm/sawpnibbles.js","statementMap":{"0":{"start":{"line":1,"column":12},"end":{"line":1,"column":41}},"1":{"start":{"line":2,"column":8},"end":{"line":2,"column":25}},"2":{"start":{"line":3,"column":0},"end":{"line":3,"column":42}},"3":{"start":{"line":4,"column":0},"end":{"line":4,"column":17}}},"fnMap":{},"branchMap":{},"s":{"0":0,"1":0,"2":0,"3":0},"f":{},"b":{}},"/home/admin6/Desktop/bridgelabz/algorithm/sortandsearch.js":{"path":"/home/admin6/Desktop/bridgelabz/algorithm/sortandsearch.js","statementMap":{"0":{"start":{"line":2,"column":12},"end":{"line":2,"column":41}},"1":{"start":{"line":4,"column":11},"end":{"line":4,"column":22}},"2":{"start":{"line":5,"column":11},"end":{"line":5,"column":24}},"3":{"start":{"line":9,"column":11},"end":{"line":9,"column":32}},"4":{"start":{"line":10,"column":9},"end":{"line":10,"column":35}},"5":{"start":{"line":11,"column":0},"end":{"line":11,"column":18}},"6":{"start":{"line":12,"column":12},"end":{"line":12,"column":33}},"7":{"start":{"line":13,"column":13},"end":{"line":13,"column":48}},"8":{"start":{"line":14,"column":0},"end":{"line":14,"column":22}},"9":{"start":{"line":18,"column":11},"end":{"line":18,"column":32}},"10":{"start":{"line":19,"column":9},"end":{"line":19,"column":41}},"11":{"start":{"line":20,"column":0},"end":{"line":20,"column":18}},"12":{"start":{"line":21,"column":12},"end":{"line":21,"column":33}},"13":{"start":{"line":22,"column":13},"end":{"line":22,"column":48}},"14":{"start":{"line":23,"column":0},"end":{"line":23,"column":22}},"15":{"start":{"line":27,"column":11},"end":{"line":27,"column":32}},"16":{"start":{"line":28,"column":9},"end":{"line":28,"column":38}},"17":{"start":{"line":29,"column":0},"end":{"line":29,"column":18}},"18":{"start":{"line":30,"column":12},"end":{"line":30,"column":33}},"19":{"start":{"line":31,"column":13},"end":{"line":31,"column":48}},"20":{"start":{"line":32,"column":0},"end":{"line":32,"column":22}},"21":{"start":{"line":36,"column":11},"end":{"line":36,"column":32}},"22":{"start":{"line":37,"column":9},"end":{"line":37,"column":44}},"23":{"start":{"line":38,"column":0},"end":{"line":38,"column":18}},"24":{"start":{"line":39,"column":12},"end":{"line":39,"column":33}},"25":{"start":{"line":40,"column":13},"end":{"line":40,"column":48}},"26":{"start":{"line":41,"column":0},"end":{"line":41,"column":22}},"27":{"start":{"line":46,"column":11},"end":{"line":46,"column":32}},"28":{"start":{"line":47,"column":8},"end":{"line":47,"column":36}},"29":{"start":{"line":48,"column":0},"end":{"line":51,"column":42}},"30":{"start":{"line":49,"column":0},"end":{"line":49,"column":36}},"31":{"start":{"line":51,"column":0},"end":{"line":51,"column":42}},"32":{"start":{"line":52,"column":12},"end":{"line":52,"column":33}},"33":{"start":{"line":53,"column":13},"end":{"line":53,"column":48}},"34":{"start":{"line":54,"column":0},"end":{"line":54,"column":22}},"35":{"start":{"line":58,"column":11},"end":{"line":58,"column":32}},"36":{"start":{"line":59,"column":8},"end":{"line":59,"column":42}},"37":{"start":{"line":60,"column":0},"end":{"line":63,"column":42}},"38":{"start":{"line":61,"column":0},"end":{"line":61,"column":36}},"39":{"start":{"line":63,"column":0},"end":{"line":63,"column":42}},"40":{"start":{"line":64,"column":12},"end":{"line":64,"column":33}},"41":{"start":{"line":65,"column":13},"end":{"line":65,"column":48}},"42":{"start":{"line":66,"column":0},"end":{"line":66,"column":22}}},"fnMap":{},"branchMap":{"0":{"loc":{"start":{"line":48,"column":0},"end":{"line":51,"column":42}},"type":"if","locations":[{"start":{"line":48,"column":0},"end":{"line":51,"column":42}},{"start":{"line":48,"column":0},"end":{"line":51,"column":42}}],"line":48},"1":{"loc":{"start":{"line":60,"column":0},"end":{"line":63,"column":42}},"type":"if","locations":[{"start":{"line":60,"column":0},"end":{"line":63,"column":42}},{"start":{"line":60,"column":0},"end":{"line":63,"column":42}}],"line":60}},"s":{"0":0,"1":0,"2":0,"3":0,"4":0,"5":0,"6":0,"7":0,"8":0,"9":0,"10":0,"11":0,"12":0,"13":0,"14":0,"15":0,"16":0,"17":0,"18":0,"19":0,"20":0,"21":0,"22":0,"23":0,"24":0,"25":0,"26":0,"27":0,"28":0,"29":0,"30":0,"31":0,"32":0,"33":0,"34":0,"35":0,"36":0,"37":0,"38":0,"39":0,"40":0,"41":0,"42":0},"f":{},"b":{"0":[0,0],"1":[0,0]}},"/home/admin6/Desktop/bridgelabz/algorithm/sqrtnewtonian.js":{"path":"/home/admin6/Desktop/bridgelabz/algorithm/sqrtnewtonian.js","statementMap":{"0":{"start":{"line":1,"column":12},"end":{"line":1,"column":41}},"1":{"start":{"line":2,"column":0},"end":{"line":2,"column":15}}},"fnMap":{},"branchMap":{},"s":{"0":0,"1":0},"f":{},"b":{}},"/home/admin6/Desktop/bridgelabz/algorithm/temperatureconversion.js":{"path":"/home/admin6/Desktop/bridgelabz/algorithm/temperatureconversion.js","statementMap":{"0":{"start":{"line":1,"column":12},"end":{"line":1,"column":41}},"1":{"start":{"line":2,"column":8},"end":{"line":2,"column":29}},"2":{"start":{"line":3,"column":0},"end":{"line":3,"column":17}}},"fnMap":{},"branchMap":{},"s":{"0":0,"1":0,"2":0},"f":{},"b":{}},"/home/admin6/Desktop/bridgelabz/algorithm/tobinary.js":{"path":"/home/admin6/Desktop/bridgelabz/algorithm/tobinary.js","statementMap":{"0":{"start":{"line":1,"column":12},"end":{"line":1,"column":41}},"1":{"start":{"line":2,"column":8},"end":{"line":2,"column":26}},"2":{"start":{"line":3,"column":0},"end":{"line":3,"column":17}}},"fnMap":{},"branchMap":{},"s":{"0":0,"1":0,"2":0},"f":{},"b":{}},"/home/admin6/Desktop/bridgelabz/algorithm/vendingmachine.js":{"path":"/home/admin6/Desktop/bridgelabz/algorithm/vendingmachine.js","statementMap":{"0":{"start":{"line":1,"column":12},"end":{"line":1,"column":41}},"1":{"start":{"line":2,"column":8},"end":{"line":2,"column":32}},"2":{"start":{"line":3,"column":0},"end":{"line":3,"column":17}}},"fnMap":{},"branchMap":{},"s":{"0":0,"1":0,"2":0},"f":{},"b":{}},"/home/admin6/Desktop/bridgelabz/datastructures/bankingCashCounter.js":{"path":"/home/admin6/Desktop/bridgelabz/datastructures/bankingCashCounter.js","statementMap":{"0":{"start":{"line":10,"column":17},"end":{"line":10,"column":48}},"1":{"start":{"line":11,"column":13},"end":{"line":11,"column":37}},"2":{"start":{"line":12,"column":13},"end":{"line":12,"column":31}},"3":{"start":{"line":13,"column":17},"end":{"line":13,"column":35}},"4":{"start":{"line":14,"column":14},"end":{"line":14,"column":70}},"5":{"start":{"line":15,"column":18},"end":{"line":15,"column":70}},"6":{"start":{"line":16,"column":0},"end":{"line":16,"column":30}},"7":{"start":{"line":17,"column":0},"end":{"line":17,"column":38}},"8":{"start":{"line":18,"column":23},"end":{"line":18,"column":25}},"9":{"start":{"line":19,"column":0},"end":{"line":21,"column":1}},"10":{"start":{"line":20,"column":4},"end":{"line":20,"column":33}},"11":{"start":{"line":22,"column":0},"end":{"line":70,"column":1}},"12":{"start":{"line":23,"column":15},"end":{"line":23,"column":33}},"13":{"start":{"line":24,"column":4},"end":{"line":68,"column":5}},"14":{"start":{"line":25,"column":19},"end":{"line":25,"column":89}},"15":{"start":{"line":26,"column":8},"end":{"line":26,"column":32}},"16":{"start":{"line":27,"column":8},"end":{"line":66,"column":9}},"17":{"start":{"line":28,"column":23},"end":{"line":28,"column":72}},"18":{"start":{"line":29,"column":12},"end":{"line":29,"column":36}},"19":{"start":{"line":30,"column":12},"end":{"line":44,"column":13}},"20":{"start":{"line":31,"column":12},"end":{"line":31,"column":47}},"21":{"start":{"line":32,"column":12},"end":{"line":32,"column":62}},"22":{"start":{"line":35,"column":16},"end":{"line":35,"column":90}},"23":{"start":{"line":36,"column":16},"end":{"line":43,"column":17}},"24":{"start":{"line":37,"column":16},"end":{"line":37,"column":64}},"25":{"start":{"line":38,"column":16},"end":{"line":38,"column":48}},"26":{"start":{"line":41,"column":20},"end":{"line":41,"column":68}},"27":{"start":{"line":42,"column":20},"end":{"line":42,"column":52}},"28":{"start":{"line":45,"column":12},"end":{"line":45,"column":18}},"29":{"start":{"line":47,"column":13},"end":{"line":66,"column":9}},"30":{"start":{"line":48,"column":23},"end":{"line":48,"column":71}},"31":{"start":{"line":49,"column":12},"end":{"line":49,"column":36}},"32":{"start":{"line":50,"column":12},"end":{"line":50,"column":47}},"33":{"start":{"line":51,"column":12},"end":{"line":51,"column":89}},"34":{"start":{"line":55,"column":12},"end":{"line":60,"column":13}},"35":{"start":{"line":56,"column":32},"end":{"line":56,"column":54}},"36":{"start":{"line":57,"column":16},"end":{"line":57,"column":66}},"37":{"start":{"line":58,"column":16},"end":{"line":58,"column":43}},"38":{"start":{"line":59,"column":16},"end":{"line":59,"column":96}},"39":{"start":{"line":62,"column":12},"end":{"line":62,"column":18}},"40":{"start":{"line":65,"column":12},"end":{"line":65,"column":81}},"41":{"start":{"line":72,"column":20},"end":{"line":72,"column":21}},"42":{"start":{"line":73,"column":0},"end":{"line":86,"column":1}},"43":{"start":{"line":75,"column":4},"end":{"line":75,"column":39}},"44":{"start":{"line":76,"column":15},"end":{"line":76,"column":36}},"45":{"start":{"line":77,"column":4},"end":{"line":77,"column":30}},"46":{"start":{"line":78,"column":4},"end":{"line":84,"column":5}},"47":{"start":{"line":79,"column":8},"end":{"line":79,"column":43}},"48":{"start":{"line":80,"column":8},"end":{"line":80,"column":79}},"49":{"start":{"line":83,"column":8},"end":{"line":83,"column":26}},"50":{"start":{"line":88,"column":0},"end":{"line":93,"column":1}},"51":{"start":{"line":89,"column":4},"end":{"line":89,"column":41}},"52":{"start":{"line":92,"column":4},"end":{"line":92,"column":37}}},"fnMap":{},"branchMap":{"0":{"loc":{"start":{"line":27,"column":8},"end":{"line":66,"column":9}},"type":"if","locations":[{"start":{"line":27,"column":8},"end":{"line":66,"column":9}},{"start":{"line":27,"column":8},"end":{"line":66,"column":9}}],"line":27},"1":{"loc":{"start":{"line":27,"column":11},"end":{"line":27,"column":38}},"type":"binary-expr","locations":[{"start":{"line":27,"column":11},"end":{"line":27,"column":20}},{"start":{"line":27,"column":22},"end":{"line":27,"column":38}}],"line":27},"2":{"loc":{"start":{"line":30,"column":12},"end":{"line":44,"column":13}},"type":"if","locations":[{"start":{"line":30,"column":12},"end":{"line":44,"column":13}},{"start":{"line":30,"column":12},"end":{"line":44,"column":13}}],"line":30},"3":{"loc":{"start":{"line":36,"column":16},"end":{"line":43,"column":17}},"type":"if","locations":[{"start":{"line":36,"column":16},"end":{"line":43,"column":17}},{"start":{"line":36,"column":16},"end":{"line":43,"column":17}}],"line":36},"4":{"loc":{"start":{"line":47,"column":13},"end":{"line":66,"column":9}},"type":"if","locations":[{"start":{"line":47,"column":13},"end":{"line":66,"column":9}},{"start":{"line":47,"column":13},"end":{"line":66,"column":9}}],"line":47},"5":{"loc":{"start":{"line":55,"column":12},"end":{"line":60,"column":13}},"type":"if","locations":[{"start":{"line":55,"column":12},"end":{"line":60,"column":13}},{"start":{"line":55,"column":12},"end":{"line":60,"column":13}}],"line":55},"6":{"loc":{"start":{"line":55,"column":15},"end":{"line":55,"column":80}},"type":"binary-expr","locations":[{"start":{"line":55,"column":15},"end":{"line":55,"column":42}},{"start":{"line":55,"column":44},"end":{"line":55,"column":80}}],"line":55},"7":{"loc":{"start":{"line":78,"column":4},"end":{"line":84,"column":5}},"type":"if","locations":[{"start":{"line":78,"column":4},"end":{"line":84,"column":5}},{"start":{"line":78,"column":4},"end":{"line":84,"column":5}}],"line":78},"8":{"loc":{"start":{"line":88,"column":0},"end":{"line":93,"column":1}},"type":"if","locations":[{"start":{"line":88,"column":0},"end":{"line":93,"column":1}},{"start":{"line":88,"column":0},"end":{"line":93,"column":1}}],"line":88}},"s":{"0":0,"1":0,"2":0,"3":0,"4":0,"5":0,"6":0,"7":0,"8":0,"9":0,"10":0,"11":0,"12":0,"13":0,"14":0,"15":0,"16":0,"17":0,"18":0,"19":0,"20":0,"21":0,"22":0,"23":0,"24":0,"25":0,"26":0,"27":0,"28":0,"29":0,"30":0,"31":0,"32":0,"33":0,"34":0,"35":0,"36":0,"37":0,"38":0,"39":0,"40":0,"41":0,"42":0,"43":0,"44":0,"45":0,"46":0,"47":0,"48":0,"49":0,"50":0,"51":0,"52":0},"f":{},"b":{"0":[0,0],"1":[0,0],"2":[0,0],"3":[0,0],"4":[0,0],"5":[0,0],"6":[0,0],"7":[0,0],"8":[0,0]}},"/home/admin6/Desktop/bridgelabz/datastructures/calender.js":{"path":"/home/admin6/Desktop/bridgelabz/datastructures/calender.js","statementMap":{"0":{"start":{"line":7,"column":11},"end":{"line":7,"column":35}},"1":{"start":{"line":8,"column":12},"end":{"line":8,"column":41}},"2":{"start":{"line":9,"column":13},"end":{"line":9,"column":43}},"3":{"start":{"line":10,"column":10},"end":{"line":10,"column":12}},"4":{"start":{"line":11,"column":10},"end":{"line":11,"column":42}},"5":{"start":{"line":12,"column":9},"end":{"line":12,"column":40}},"6":{"start":{"line":13,"column":0},"end":{"line":13,"column":22}},"7":{"start":{"line":14,"column":0},"end":{"line":14,"column":20}},"8":{"start":{"line":15,"column":14},"end":{"line":15,"column":44}},"9":{"start":{"line":16,"column":14},"end":{"line":16,"column":46}},"10":{"start":{"line":17,"column":6},"end":{"line":17,"column":7}},"11":{"start":{"line":17,"column":12},"end":{"line":17,"column":13}},"12":{"start":{"line":18,"column":0},"end":{"line":33,"column":1}},"13":{"start":{"line":19,"column":18},"end":{"line":19,"column":20}},"14":{"start":{"line":20,"column":4},"end":{"line":30,"column":5}},"15":{"start":{"line":21,"column":8},"end":{"line":29,"column":9}},"16":{"start":{"line":22,"column":11},"end":{"line":22,"column":33}},"17":{"start":{"line":23,"column":12},"end":{"line":23,"column":24}},"18":{"start":{"line":24,"column":12},"end":{"line":24,"column":16}},"19":{"start":{"line":27,"column":12},"end":{"line":27,"column":32}},"20":{"start":{"line":28,"column":12},"end":{"line":28,"column":16}},"21":{"start":{"line":31,"column":4},"end":{"line":31,"column":26}},"22":{"start":{"line":39,"column":4},"end":{"line":39,"column":47}},"23":{"start":{"line":40,"column":4},"end":{"line":53,"column":5}},"24":{"start":{"line":41,"column":23},"end":{"line":41,"column":25}},"25":{"start":{"line":42,"column":8},"end":{"line":51,"column":9}},"26":{"start":{"line":43,"column":12},"end":{"line":50,"column":40}},"27":{"start":{"line":44,"column":16},"end":{"line":47,"column":58}},"28":{"start":{"line":45,"column":16},"end":{"line":45,"column":59}},"29":{"start":{"line":47,"column":16},"end":{"line":47,"column":58}},"30":{"start":{"line":50,"column":12},"end":{"line":50,"column":40}},"31":{"start":{"line":52,"column":8},"end":{"line":52,"column":32}},"32":{"start":{"line":55,"column":0},"end":{"line":55,"column":16}}},"fnMap":{"0":{"name":"printCalender","decl":{"start":{"line":38,"column":9},"end":{"line":38,"column":22}},"loc":{"start":{"line":38,"column":24},"end":{"line":54,"column":1}},"line":38}},"branchMap":{"0":{"loc":{"start":{"line":21,"column":8},"end":{"line":29,"column":9}},"type":"if","locations":[{"start":{"line":21,"column":8},"end":{"line":29,"column":9}},{"start":{"line":21,"column":8},"end":{"line":29,"column":9}}],"line":21},"1":{"loc":{"start":{"line":21,"column":11},"end":{"line":21,"column":39}},"type":"binary-expr","locations":[{"start":{"line":21,"column":11},"end":{"line":21,"column":23}},{"start":{"line":21,"column":25},"end":{"line":21,"column":39}}],"line":21},"2":{"loc":{"start":{"line":43,"column":12},"end":{"line":50,"column":40}},"type":"if","locations":[{"start":{"line":43,"column":12},"end":{"line":50,"column":40}},{"start":{"line":43,"column":12},"end":{"line":50,"column":40}}],"line":43},"3":{"loc":{"start":{"line":44,"column":16},"end":{"line":47,"column":58}},"type":"if","locations":[{"start":{"line":44,"column":16},"end":{"line":47,"column":58}},{"start":{"line":44,"column":16},"end":{"line":47,"column":58}}],"line":44}},"s":{"0":0,"1":0,"2":0,"3":0,"4":0,"5":0,"6":0,"7":0,"8":0,"9":0,"10":0,"11":0,"12":0,"13":0,"14":0,"15":0,"16":0,"17":0,"18":0,"19":0,"20":0,"21":0,"22":0,"23":0,"24":0,"25":0,"26":0,"27":0,"28":0,"29":0,"30":0,"31":0,"32":0},"f":{"0":0},"b":{"0":[0,0],"1":[0,0],"2":[0,0],"3":[0,0]}},"/home/admin6/Desktop/bridgelabz/datastructures/calenderQueue.js":{"path":"/home/admin6/Desktop/bridgelabz/datastructures/calenderQueue.js","statementMap":{"0":{"start":{"line":7,"column":12},"end":{"line":7,"column":43}},"1":{"start":{"line":8,"column":12},"end":{"line":8,"column":41}},"2":{"start":{"line":9,"column":13},"end":{"line":9,"column":43}},"3":{"start":{"line":10,"column":10},"end":{"line":10,"column":23}},"4":{"start":{"line":11,"column":11},"end":{"line":11,"column":35}},"5":{"start":{"line":12,"column":10},"end":{"line":12,"column":42}},"6":{"start":{"line":13,"column":9},"end":{"line":13,"column":40}},"7":{"start":{"line":14,"column":13},"end":{"line":14,"column":56}},"8":{"start":{"line":15,"column":13},"end":{"line":15,"column":26}},"9":{"start":{"line":16,"column":0},"end":{"line":18,"column":1}},"10":{"start":{"line":17,"column":0},"end":{"line":17,"column":30}},"11":{"start":{"line":19,"column":0},"end":{"line":19,"column":35}},"12":{"start":{"line":22,"column":4},"end":{"line":22,"column":17}},"13":{"start":{"line":23,"column":4},"end":{"line":23,"column":19}},"14":{"start":{"line":25,"column":0},"end":{"line":25,"column":22}},"15":{"start":{"line":26,"column":0},"end":{"line":26,"column":20}},"16":{"start":{"line":27,"column":14},"end":{"line":27,"column":44}},"17":{"start":{"line":28,"column":14},"end":{"line":28,"column":46}},"18":{"start":{"line":29,"column":8},"end":{"line":29,"column":9}},"19":{"start":{"line":30,"column":0},"end":{"line":39,"column":1}},"20":{"start":{"line":31,"column":4},"end":{"line":38,"column":5}},"21":{"start":{"line":32,"column":8},"end":{"line":32,"column":61}},"22":{"start":{"line":33,"column":8},"end":{"line":33,"column":14}},"23":{"start":{"line":34,"column":8},"end":{"line":34,"column":20}},"24":{"start":{"line":37,"column":8},"end":{"line":37,"column":26}},"25":{"start":{"line":41,"column":0},"end":{"line":57,"column":1}},"26":{"start":{"line":42,"column":19},"end":{"line":42,"column":21}},"27":{"start":{"line":43,"column":4},"end":{"line":55,"column":5}},"28":{"start":{"line":44,"column":19},"end":{"line":44,"column":34}},"29":{"start":{"line":45,"column":8},"end":{"line":54,"column":9}},"30":{"start":{"line":46,"column":12},"end":{"line":46,"column":41}},"31":{"start":{"line":49,"column":12},"end":{"line":53,"column":53}},"32":{"start":{"line":50,"column":12},"end":{"line":50,"column":55}},"33":{"start":{"line":53,"column":12},"end":{"line":53,"column":53}},"34":{"start":{"line":56,"column":4},"end":{"line":56,"column":28}}},"fnMap":{"0":{"name":"objectOfData","decl":{"start":{"line":21,"column":9},"end":{"line":21,"column":21}},"loc":{"start":{"line":21,"column":31},"end":{"line":24,"column":1}},"line":21}},"branchMap":{"0":{"loc":{"start":{"line":31,"column":4},"end":{"line":38,"column":5}},"type":"if","locations":[{"start":{"line":31,"column":4},"end":{"line":38,"column":5}},{"start":{"line":31,"column":4},"end":{"line":38,"column":5}}],"line":31},"1":{"loc":{"start":{"line":31,"column":7},"end":{"line":31,"column":35}},"type":"binary-expr","locations":[{"start":{"line":31,"column":7},"end":{"line":31,"column":19}},{"start":{"line":31,"column":21},"end":{"line":31,"column":35}}],"line":31},"2":{"loc":{"start":{"line":45,"column":8},"end":{"line":54,"column":9}},"type":"if","locations":[{"start":{"line":45,"column":8},"end":{"line":54,"column":9}},{"start":{"line":45,"column":8},"end":{"line":54,"column":9}}],"line":45},"3":{"loc":{"start":{"line":49,"column":12},"end":{"line":53,"column":53}},"type":"if","locations":[{"start":{"line":49,"column":12},"end":{"line":53,"column":53}},{"start":{"line":49,"column":12},"end":{"line":53,"column":53}}],"line":49}},"s":{"0":0,"1":0,"2":0,"3":0,"4":0,"5":0,"6":0,"7":0,"8":0,"9":0,"10":0,"11":0,"12":0,"13":0,"14":0,"15":0,"16":0,"17":0,"18":0,"19":0,"20":0,"21":0,"22":0,"23":0,"24":0,"25":0,"26":0,"27":0,"28":0,"29":0,"30":0,"31":0,"32":0,"33":0,"34":0},"f":{"0":0},"b":{"0":[0,0],"1":[0,0],"2":[0,0],"3":[0,0]}},"/home/admin6/Desktop/bridgelabz/datastructures/calenderStack.js":{"path":"/home/admin6/Desktop/bridgelabz/datastructures/calenderStack.js","statementMap":{"0":{"start":{"line":8,"column":12},"end":{"line":8,"column":43}},"1":{"start":{"line":9,"column":12},"end":{"line":9,"column":43}},"2":{"start":{"line":10,"column":12},"end":{"line":10,"column":41}},"3":{"start":{"line":11,"column":13},"end":{"line":11,"column":43}},"4":{"start":{"line":12,"column":11},"end":{"line":12,"column":24}},"5":{"start":{"line":13,"column":11},"end":{"line":13,"column":24}},"6":{"start":{"line":14,"column":11},"end":{"line":14,"column":35}},"7":{"start":{"line":15,"column":10},"end":{"line":15,"column":42}},"8":{"start":{"line":16,"column":9},"end":{"line":16,"column":40}},"9":{"start":{"line":17,"column":13},"end":{"line":17,"column":56}},"10":{"start":{"line":18,"column":13},"end":{"line":18,"column":26}},"11":{"start":{"line":19,"column":0},"end":{"line":21,"column":1}},"12":{"start":{"line":20,"column":0},"end":{"line":20,"column":30}},"13":{"start":{"line":22,"column":0},"end":{"line":22,"column":35}},"14":{"start":{"line":25,"column":4},"end":{"line":25,"column":17}},"15":{"start":{"line":26,"column":4},"end":{"line":26,"column":19}},"16":{"start":{"line":28,"column":0},"end":{"line":28,"column":22}},"17":{"start":{"line":29,"column":0},"end":{"line":29,"column":20}},"18":{"start":{"line":31,"column":14},"end":{"line":31,"column":44}},"19":{"start":{"line":32,"column":14},"end":{"line":32,"column":46}},"20":{"start":{"line":33,"column":8},"end":{"line":33,"column":9}},"21":{"start":{"line":34,"column":0},"end":{"line":43,"column":1}},"22":{"start":{"line":35,"column":4},"end":{"line":42,"column":5}},"23":{"start":{"line":36,"column":8},"end":{"line":36,"column":59}},"24":{"start":{"line":37,"column":8},"end":{"line":37,"column":20}},"25":{"start":{"line":38,"column":8},"end":{"line":38,"column":13}},"26":{"start":{"line":41,"column":8},"end":{"line":41,"column":24}},"27":{"start":{"line":44,"column":0},"end":{"line":47,"column":1}},"28":{"start":{"line":45,"column":11},"end":{"line":45,"column":23}},"29":{"start":{"line":46,"column":0},"end":{"line":46,"column":20}},"30":{"start":{"line":49,"column":0},"end":{"line":65,"column":1}},"31":{"start":{"line":50,"column":19},"end":{"line":50,"column":21}},"32":{"start":{"line":51,"column":4},"end":{"line":63,"column":5}},"33":{"start":{"line":52,"column":19},"end":{"line":52,"column":31}},"34":{"start":{"line":53,"column":8},"end":{"line":62,"column":9}},"35":{"start":{"line":54,"column":12},"end":{"line":54,"column":41}},"36":{"start":{"line":57,"column":12},"end":{"line":61,"column":53}},"37":{"start":{"line":58,"column":12},"end":{"line":58,"column":55}},"38":{"start":{"line":61,"column":12},"end":{"line":61,"column":53}},"39":{"start":{"line":64,"column":4},"end":{"line":64,"column":28}}},"fnMap":{"0":{"name":"objectOfData","decl":{"start":{"line":24,"column":9},"end":{"line":24,"column":21}},"loc":{"start":{"line":24,"column":31},"end":{"line":27,"column":1}},"line":24}},"branchMap":{"0":{"loc":{"start":{"line":35,"column":4},"end":{"line":42,"column":5}},"type":"if","locations":[{"start":{"line":35,"column":4},"end":{"line":42,"column":5}},{"start":{"line":35,"column":4},"end":{"line":42,"column":5}}],"line":35},"1":{"loc":{"start":{"line":35,"column":7},"end":{"line":35,"column":35}},"type":"binary-expr","locations":[{"start":{"line":35,"column":7},"end":{"line":35,"column":19}},{"start":{"line":35,"column":21},"end":{"line":35,"column":35}}],"line":35},"2":{"loc":{"start":{"line":53,"column":8},"end":{"line":62,"column":9}},"type":"if","locations":[{"start":{"line":53,"column":8},"end":{"line":62,"column":9}},{"start":{"line":53,"column":8},"end":{"line":62,"column":9}}],"line":53},"3":{"loc":{"start":{"line":57,"column":12},"end":{"line":61,"column":53}},"type":"if","locations":[{"start":{"line":57,"column":12},"end":{"line":61,"column":53}},{"start":{"line":57,"column":12},"end":{"line":61,"column":53}}],"line":57}},"s":{"0":0,"1":0,"2":0,"3":0,"4":0,"5":0,"6":0,"7":0,"8":0,"9":0,"10":0,"11":0,"12":0,"13":0,"14":0,"15":0,"16":0,"17":0,"18":0,"19":0,"20":0,"21":0,"22":0,"23":0,"24":0,"25":0,"26":0,"27":0,"28":0,"29":0,"30":0,"31":0,"32":0,"33":0,"34":0,"35":0,"36":0,"37":0,"38":0,"39":0},"f":{"0":0},"b":{"0":[0,0],"1":[0,0],"2":[0,0],"3":[0,0]}},"/home/admin6/Desktop/bridgelabz/datastructures/hashFunction.js":{"path":"/home/admin6/Desktop/bridgelabz/datastructures/hashFunction.js","statementMap":{"0":{"start":{"line":8,"column":16},"end":{"line":8,"column":49}},"1":{"start":{"line":9,"column":13},"end":{"line":9,"column":37}},"2":{"start":{"line":10,"column":10},"end":{"line":10,"column":12}},"3":{"start":{"line":11,"column":0},"end":{"line":13,"column":1}},"4":{"start":{"line":12,"column":4},"end":{"line":12,"column":21}},"5":{"start":{"line":14,"column":0},"end":{"line":14,"column":19}},"6":{"start":{"line":16,"column":9},"end":{"line":16,"column":22}},"7":{"start":{"line":17,"column":17},"end":{"line":17,"column":72}},"8":{"start":{"line":18,"column":0},"end":{"line":20,"column":1}},"9":{"start":{"line":19,"column":4},"end":{"line":19,"column":42}},"10":{"start":{"line":22,"column":0},"end":{"line":24,"column":1}},"11":{"start":{"line":23,"column":4},"end":{"line":23,"column":35}},"12":{"start":{"line":28,"column":9},"end":{"line":28,"column":55}},"13":{"start":{"line":29,"column":0},"end":{"line":29,"column":20}},"14":{"start":{"line":32,"column":13},"end":{"line":32,"column":20}},"15":{"start":{"line":33,"column":4},"end":{"line":57,"column":5}},"16":{"start":{"line":34,"column":14},"end":{"line":34,"column":31}},"17":{"start":{"line":35,"column":5},"end":{"line":35,"column":20}},"18":{"start":{"line":36,"column":8},"end":{"line":36,"column":25}},"19":{"start":{"line":40,"column":8},"end":{"line":53,"column":9}},"20":{"start":{"line":41,"column":19},"end":{"line":41,"column":35}},"21":{"start":{"line":42,"column":19},"end":{"line":42,"column":35}},"22":{"start":{"line":43,"column":19},"end":{"line":43,"column":35}},"23":{"start":{"line":44,"column":19},"end":{"line":44,"column":35}},"24":{"start":{"line":45,"column":19},"end":{"line":45,"column":35}},"25":{"start":{"line":46,"column":19},"end":{"line":46,"column":35}},"26":{"start":{"line":47,"column":19},"end":{"line":47,"column":35}},"27":{"start":{"line":48,"column":19},"end":{"line":48,"column":35}},"28":{"start":{"line":49,"column":19},"end":{"line":49,"column":35}},"29":{"start":{"line":50,"column":19},"end":{"line":50,"column":35}},"30":{"start":{"line":51,"column":20},"end":{"line":51,"column":37}},"31":{"start":{"line":55,"column":13},"end":{"line":55,"column":31}},"32":{"start":{"line":56,"column":8},"end":{"line":56,"column":23}},"33":{"start":{"line":63,"column":4},"end":{"line":63,"column":17}},"34":{"start":{"line":64,"column":10},"end":{"line":64,"column":21}},"35":{"start":{"line":66,"column":1},"end":{"line":81,"column":2}},"36":{"start":{"line":67,"column":4},"end":{"line":67,"column":31}},"37":{"start":{"line":70,"column":15},"end":{"line":70,"column":32}},"38":{"start":{"line":71,"column":4},"end":{"line":80,"column":5}},"39":{"start":{"line":72,"column":8},"end":{"line":72,"column":26}},"40":{"start":{"line":73,"column":8},"end":{"line":73,"column":52}},"41":{"start":{"line":74,"column":17},"end":{"line":74,"column":33}},"42":{"start":{"line":75,"column":8},"end":{"line":75,"column":25}},"43":{"start":{"line":78,"column":8},"end":{"line":78,"column":23}},"44":{"start":{"line":79,"column":8},"end":{"line":79,"column":71}},"45":{"start":{"line":84,"column":0},"end":{"line":84,"column":19}}},"fnMap":{"0":{"name":"addValueToArray","decl":{"start":{"line":31,"column":9},"end":{"line":31,"column":24}},"loc":{"start":{"line":31,"column":30},"end":{"line":58,"column":1}},"line":31},"1":{"name":"switchresult","decl":{"start":{"line":39,"column":13},"end":{"line":39,"column":25}},"loc":{"start":{"line":39,"column":31},"end":{"line":54,"column":5}},"line":39},"2":{"name":"hashFunction","decl":{"start":{"line":62,"column":9},"end":{"line":62,"column":21}},"loc":{"start":{"line":62,"column":27},"end":{"line":82,"column":1}},"line":62}},"branchMap":{"0":{"loc":{"start":{"line":33,"column":4},"end":{"line":57,"column":5}},"type":"if","locations":[{"start":{"line":33,"column":4},"end":{"line":57,"column":5}},{"start":{"line":33,"column":4},"end":{"line":57,"column":5}}],"line":33},"1":{"loc":{"start":{"line":40,"column":8},"end":{"line":53,"column":9}},"type":"switch","locations":[{"start":{"line":41,"column":12},"end":{"line":41,"column":35}},{"start":{"line":42,"column":12},"end":{"line":42,"column":35}},{"start":{"line":43,"column":12},"end":{"line":43,"column":35}},{"start":{"line":44,"column":12},"end":{"line":44,"column":35}},{"start":{"line":45,"column":12},"end":{"line":45,"column":35}},{"start":{"line":46,"column":12},"end":{"line":46,"column":35}},{"start":{"line":47,"column":12},"end":{"line":47,"column":35}},{"start":{"line":48,"column":12},"end":{"line":48,"column":35}},{"start":{"line":49,"column":12},"end":{"line":49,"column":35}},{"start":{"line":50,"column":12},"end":{"line":50,"column":35}},{"start":{"line":51,"column":12},"end":{"line":51,"column":37}}],"line":40},"2":{"loc":{"start":{"line":66,"column":1},"end":{"line":81,"column":2}},"type":"if","locations":[{"start":{"line":66,"column":1},"end":{"line":81,"column":2}},{"start":{"line":66,"column":1},"end":{"line":81,"column":2}}],"line":66},"3":{"loc":{"start":{"line":71,"column":4},"end":{"line":80,"column":5}},"type":"if","locations":[{"start":{"line":71,"column":4},"end":{"line":80,"column":5}},{"start":{"line":71,"column":4},"end":{"line":80,"column":5}}],"line":71}},"s":{"0":0,"1":0,"2":0,"3":0,"4":0,"5":0,"6":0,"7":0,"8":0,"9":0,"10":0,"11":0,"12":0,"13":0,"14":0,"15":0,"16":0,"17":0,"18":0,"19":0,"20":0,"21":0,"22":0,"23":0,"24":0,"25":0,"26":0,"27":0,"28":0,"29":0,"30":0,"31":0,"32":0,"33":0,"34":0,"35":0,"36":0,"37":0,"38":0,"39":0,"40":0,"41":0,"42":0,"43":0,"44":0,"45":0},"f":{"0":0,"1":0,"2":0},"b":{"0":[0,0],"1":[0,0,0,0,0,0,0,0,0,0,0],"2":[0,0],"3":[0,0]}},"/home/admin6/Desktop/bridgelabz/datastructures/orderedList.js":{"path":"/home/admin6/Desktop/bridgelabz/datastructures/orderedList.js","statementMap":{"0":{"start":{"line":7,"column":12},"end":{"line":7,"column":45}},"1":{"start":{"line":8,"column":13},"end":{"line":8,"column":37}},"2":{"start":{"line":9,"column":18},"end":{"line":9,"column":31}},"3":{"start":{"line":10,"column":9},"end":{"line":10,"column":22}},"4":{"start":{"line":11,"column":17},"end":{"line":11,"column":72}},"5":{"start":{"line":12,"column":0},"end":{"line":15,"column":1}},"6":{"start":{"line":13,"column":4},"end":{"line":13,"column":42}},"7":{"start":{"line":14,"column":4},"end":{"line":14,"column":37}},"8":{"start":{"line":16,"column":10},"end":{"line":16,"column":46}},"9":{"start":{"line":17,"column":0},"end":{"line":17,"column":22}},"10":{"start":{"line":18,"column":0},"end":{"line":18,"column":25}},"11":{"start":{"line":19,"column":0},"end":{"line":19,"column":39}}},"fnMap":{},"branchMap":{},"s":{"0":0,"1":0,"2":0,"3":0,"4":0,"5":0,"6":0,"7":0,"8":0,"9":0,"10":0,"11":0},"f":{},"b":{}},"/home/admin6/Desktop/bridgelabz/datastructures/palindromeQueue.js":{"path":"/home/admin6/Desktop/bridgelabz/datastructures/palindromeQueue.js","statementMap":{"0":{"start":{"line":7,"column":13},"end":{"line":7,"column":37}},"1":{"start":{"line":8,"column":12},"end":{"line":8,"column":45}},"2":{"start":{"line":9,"column":12},"end":{"line":9,"column":25}},"3":{"start":{"line":10,"column":10},"end":{"line":10,"column":78}},"4":{"start":{"line":11,"column":0},"end":{"line":14,"column":1}},"5":{"start":{"line":12,"column":13},"end":{"line":12,"column":28}},"6":{"start":{"line":13,"column":4},"end":{"line":13,"column":26}},"7":{"start":{"line":15,"column":11},"end":{"line":15,"column":13}},"8":{"start":{"line":16,"column":0},"end":{"line":20,"column":1}},"9":{"start":{"line":18,"column":13},"end":{"line":18,"column":33}},"10":{"start":{"line":19,"column":4},"end":{"line":19,"column":23}},"11":{"start":{"line":22,"column":0},"end":{"line":27,"column":1}},"12":{"start":{"line":23,"column":4},"end":{"line":23,"column":42}},"13":{"start":{"line":26,"column":4},"end":{"line":26,"column":42}}},"fnMap":{},"branchMap":{"0":{"loc":{"start":{"line":22,"column":0},"end":{"line":27,"column":1}},"type":"if","locations":[{"start":{"line":22,"column":0},"end":{"line":27,"column":1}},{"start":{"line":22,"column":0},"end":{"line":27,"column":1}}],"line":22}},"s":{"0":0,"1":0,"2":0,"3":0,"4":0,"5":0,"6":0,"7":0,"8":0,"9":0,"10":0,"11":0,"12":0,"13":0},"f":{},"b":{"0":[0,0]}},"/home/admin6/Desktop/bridgelabz/datastructures/prime2DArray.js":{"path":"/home/admin6/Desktop/bridgelabz/datastructures/prime2DArray.js","statementMap":{"0":{"start":{"line":6,"column":12},"end":{"line":6,"column":41}},"1":{"start":{"line":7,"column":13},"end":{"line":7,"column":43}},"2":{"start":{"line":9,"column":11},"end":{"line":9,"column":37}},"3":{"start":{"line":10,"column":0},"end":{"line":10,"column":20}}},"fnMap":{},"branchMap":{},"s":{"0":0,"1":0,"2":0,"3":0},"f":{},"b":{}},"/home/admin6/Desktop/bridgelabz/datastructures/primeAndAnagram2D.js":{"path":"/home/admin6/Desktop/bridgelabz/datastructures/primeAndAnagram2D.js","statementMap":{"0":{"start":{"line":8,"column":12},"end":{"line":8,"column":41}},"1":{"start":{"line":9,"column":13},"end":{"line":9,"column":43}},"2":{"start":{"line":10,"column":11},"end":{"line":10,"column":37}},"3":{"start":{"line":11,"column":13},"end":{"line":11,"column":40}},"4":{"start":{"line":12,"column":13},"end":{"line":12,"column":15}},"5":{"start":{"line":13,"column":0},"end":{"line":33,"column":1}},"6":{"start":{"line":14,"column":14},"end":{"line":14,"column":15}},"7":{"start":{"line":15,"column":14},"end":{"line":15,"column":16}},"8":{"start":{"line":16,"column":4},"end":{"line":32,"column":5}},"9":{"start":{"line":17,"column":8},"end":{"line":26,"column":9}},"10":{"start":{"line":18,"column":21},"end":{"line":18,"column":35}},"11":{"start":{"line":19,"column":21},"end":{"line":19,"column":35}},"12":{"start":{"line":20,"column":23},"end":{"line":20,"column":51}},"13":{"start":{"line":21,"column":12},"end":{"line":25,"column":13}},"14":{"start":{"line":22,"column":16},"end":{"line":22,"column":40}},"15":{"start":{"line":23,"column":16},"end":{"line":23,"column":30}},"16":{"start":{"line":24,"column":16},"end":{"line":24,"column":24}},"17":{"start":{"line":27,"column":8},"end":{"line":31,"column":9}},"18":{"start":{"line":28,"column":12},"end":{"line":28,"column":36}},"19":{"start":{"line":29,"column":12},"end":{"line":29,"column":31}},"20":{"start":{"line":30,"column":12},"end":{"line":30,"column":33}},"21":{"start":{"line":36,"column":0},"end":{"line":36,"column":22}}},"fnMap":{},"branchMap":{"0":{"loc":{"start":{"line":16,"column":4},"end":{"line":32,"column":5}},"type":"if","locations":[{"start":{"line":16,"column":4},"end":{"line":32,"column":5}},{"start":{"line":16,"column":4},"end":{"line":32,"column":5}}],"line":16},"1":{"loc":{"start":{"line":21,"column":12},"end":{"line":25,"column":13}},"type":"if","locations":[{"start":{"line":21,"column":12},"end":{"line":25,"column":13}},{"start":{"line":21,"column":12},"end":{"line":25,"column":13}}],"line":21},"2":{"loc":{"start":{"line":27,"column":8},"end":{"line":31,"column":9}},"type":"if","locations":[{"start":{"line":27,"column":8},"end":{"line":31,"column":9}},{"start":{"line":27,"column":8},"end":{"line":31,"column":9}}],"line":27}},"s":{"0":0,"1":0,"2":0,"3":0,"4":0,"5":0,"6":0,"7":0,"8":0,"9":0,"10":0,"11":0,"12":0,"13":0,"14":0,"15":0,"16":0,"17":0,"18":0,"19":0,"20":0,"21":0},"f":{},"b":{"0":[0,0],"1":[0,0],"2":[0,0]}},"/home/admin6/Desktop/bridgelabz/datastructures/primeAndAnagramQueue.js":{"path":"/home/admin6/Desktop/bridgelabz/datastructures/primeAndAnagramQueue.js","statementMap":{"0":{"start":{"line":9,"column":12},"end":{"line":9,"column":41}},"1":{"start":{"line":10,"column":13},"end":{"line":10,"column":43}},"2":{"start":{"line":12,"column":11},"end":{"line":12,"column":37}},"3":{"start":{"line":13,"column":13},"end":{"line":13,"column":40}},"4":{"start":{"line":15,"column":13},"end":{"line":15,"column":15}},"5":{"start":{"line":16,"column":0},"end":{"line":36,"column":1}},"6":{"start":{"line":17,"column":14},"end":{"line":17,"column":15}},"7":{"start":{"line":18,"column":14},"end":{"line":18,"column":16}},"8":{"start":{"line":19,"column":4},"end":{"line":35,"column":5}},"9":{"start":{"line":20,"column":8},"end":{"line":29,"column":9}},"10":{"start":{"line":21,"column":21},"end":{"line":21,"column":35}},"11":{"start":{"line":22,"column":21},"end":{"line":22,"column":35}},"12":{"start":{"line":23,"column":23},"end":{"line":23,"column":51}},"13":{"start":{"line":24,"column":12},"end":{"line":28,"column":13}},"14":{"start":{"line":25,"column":16},"end":{"line":25,"column":40}},"15":{"start":{"line":26,"column":16},"end":{"line":26,"column":30}},"16":{"start":{"line":27,"column":16},"end":{"line":27,"column":24}},"17":{"start":{"line":30,"column":8},"end":{"line":34,"column":9}},"18":{"start":{"line":31,"column":12},"end":{"line":31,"column":36}},"19":{"start":{"line":32,"column":12},"end":{"line":32,"column":31}},"20":{"start":{"line":33,"column":12},"end":{"line":33,"column":33}},"21":{"start":{"line":40,"column":15},"end":{"line":40,"column":44}},"22":{"start":{"line":41,"column":17},"end":{"line":41,"column":48}},"23":{"start":{"line":42,"column":10},"end":{"line":42,"column":28}},"24":{"start":{"line":43,"column":0},"end":{"line":45,"column":1}},"25":{"start":{"line":44,"column":0},"end":{"line":44,"column":28}},"26":{"start":{"line":47,"column":15},"end":{"line":47,"column":33}},"27":{"start":{"line":48,"column":0},"end":{"line":48,"column":24}}},"fnMap":{},"branchMap":{"0":{"loc":{"start":{"line":19,"column":4},"end":{"line":35,"column":5}},"type":"if","locations":[{"start":{"line":19,"column":4},"end":{"line":35,"column":5}},{"start":{"line":19,"column":4},"end":{"line":35,"column":5}}],"line":19},"1":{"loc":{"start":{"line":24,"column":12},"end":{"line":28,"column":13}},"type":"if","locations":[{"start":{"line":24,"column":12},"end":{"line":28,"column":13}},{"start":{"line":24,"column":12},"end":{"line":28,"column":13}}],"line":24},"2":{"loc":{"start":{"line":30,"column":8},"end":{"line":34,"column":9}},"type":"if","locations":[{"start":{"line":30,"column":8},"end":{"line":34,"column":9}},{"start":{"line":30,"column":8},"end":{"line":34,"column":9}}],"line":30}},"s":{"0":0,"1":0,"2":0,"3":0,"4":0,"5":0,"6":0,"7":0,"8":0,"9":0,"10":0,"11":0,"12":0,"13":0,"14":0,"15":0,"16":0,"17":0,"18":0,"19":0,"20":0,"21":0,"22":0,"23":0,"24":0,"25":0,"26":0,"27":0},"f":{},"b":{"0":[0,0],"1":[0,0],"2":[0,0]}},"/home/admin6/Desktop/bridgelabz/datastructures/primeAndAnagramStack.js":{"path":"/home/admin6/Desktop/bridgelabz/datastructures/primeAndAnagramStack.js","statementMap":{"0":{"start":{"line":9,"column":12},"end":{"line":9,"column":41}},"1":{"start":{"line":10,"column":13},"end":{"line":10,"column":43}},"2":{"start":{"line":13,"column":11},"end":{"line":13,"column":37}},"3":{"start":{"line":16,"column":13},"end":{"line":16,"column":40}},"4":{"start":{"line":18,"column":13},"end":{"line":18,"column":15}},"5":{"start":{"line":19,"column":0},"end":{"line":39,"column":1}},"6":{"start":{"line":20,"column":14},"end":{"line":20,"column":15}},"7":{"start":{"line":21,"column":14},"end":{"line":21,"column":16}},"8":{"start":{"line":22,"column":4},"end":{"line":38,"column":5}},"9":{"start":{"line":23,"column":8},"end":{"line":32,"column":9}},"10":{"start":{"line":24,"column":21},"end":{"line":24,"column":35}},"11":{"start":{"line":25,"column":21},"end":{"line":25,"column":35}},"12":{"start":{"line":26,"column":23},"end":{"line":26,"column":51}},"13":{"start":{"line":27,"column":12},"end":{"line":31,"column":13}},"14":{"start":{"line":28,"column":16},"end":{"line":28,"column":40}},"15":{"start":{"line":29,"column":16},"end":{"line":29,"column":30}},"16":{"start":{"line":30,"column":16},"end":{"line":30,"column":24}},"17":{"start":{"line":33,"column":8},"end":{"line":37,"column":9}},"18":{"start":{"line":34,"column":12},"end":{"line":34,"column":36}},"19":{"start":{"line":35,"column":12},"end":{"line":35,"column":31}},"20":{"start":{"line":36,"column":12},"end":{"line":36,"column":33}},"21":{"start":{"line":43,"column":15},"end":{"line":43,"column":44}},"22":{"start":{"line":44,"column":0},"end":{"line":44,"column":24}},"23":{"start":{"line":45,"column":17},"end":{"line":45,"column":48}},"24":{"start":{"line":46,"column":10},"end":{"line":46,"column":28}},"25":{"start":{"line":47,"column":0},"end":{"line":49,"column":1}},"26":{"start":{"line":48,"column":0},"end":{"line":48,"column":25}},"27":{"start":{"line":50,"column":15},"end":{"line":50,"column":17}},"28":{"start":{"line":51,"column":0},"end":{"line":54,"column":1}},"29":{"start":{"line":52,"column":20},"end":{"line":52,"column":31}},"30":{"start":{"line":53,"column":4},"end":{"line":53,"column":41}},"31":{"start":{"line":55,"column":0},"end":{"line":55,"column":24}}},"fnMap":{},"branchMap":{"0":{"loc":{"start":{"line":22,"column":4},"end":{"line":38,"column":5}},"type":"if","locations":[{"start":{"line":22,"column":4},"end":{"line":38,"column":5}},{"start":{"line":22,"column":4},"end":{"line":38,"column":5}}],"line":22},"1":{"loc":{"start":{"line":27,"column":12},"end":{"line":31,"column":13}},"type":"if","locations":[{"start":{"line":27,"column":12},"end":{"line":31,"column":13}},{"start":{"line":27,"column":12},"end":{"line":31,"column":13}}],"line":27},"2":{"loc":{"start":{"line":33,"column":8},"end":{"line":37,"column":9}},"type":"if","locations":[{"start":{"line":33,"column":8},"end":{"line":37,"column":9}},{"start":{"line":33,"column":8},"end":{"line":37,"column":9}}],"line":33}},"s":{"0":0,"1":0,"2":0,"3":0,"4":0,"5":0,"6":0,"7":0,"8":0,"9":0,"10":0,"11":0,"12":0,"13":0,"14":0,"15":0,"16":0,"17":0,"18":0,"19":0,"20":0,"21":0,"22":0,"23":0,"24":0,"25":0,"26":0,"27":0,"28":0,"29":0,"30":0,"31":0},"f":{},"b":{"0":[0,0],"1":[0,0],"2":[0,0]}},"/home/admin6/Desktop/bridgelabz/datastructures/searchanumber.js":{"path":"/home/admin6/Desktop/bridgelabz/datastructures/searchanumber.js","statementMap":{},"fnMap":{},"branchMap":{},"s":{},"f":{},"b":{}},"/home/admin6/Desktop/bridgelabz/datastructures/SimpleBalancedParanthasis.js":{"path":"/home/admin6/Desktop/bridgelabz/datastructures/SimpleBalancedParanthasis.js","statementMap":{"0":{"start":{"line":7,"column":17},"end":{"line":7,"column":48}},"1":{"start":{"line":8,"column":10},"end":{"line":8,"column":28}},"2":{"start":{"line":9,"column":13},"end":{"line":9,"column":37}},"3":{"start":{"line":10,"column":10},"end":{"line":10,"column":82}},"4":{"start":{"line":11,"column":0},"end":{"line":11,"column":15}},"5":{"start":{"line":12,"column":0},"end":{"line":21,"column":1}},"6":{"start":{"line":14,"column":13},"end":{"line":14,"column":28}},"7":{"start":{"line":15,"column":4},"end":{"line":20,"column":5}},"8":{"start":{"line":16,"column":8},"end":{"line":16,"column":25}},"9":{"start":{"line":18,"column":9},"end":{"line":20,"column":5}},"10":{"start":{"line":19,"column":8},"end":{"line":19,"column":20}},"11":{"start":{"line":22,"column":0},"end":{"line":27,"column":1}},"12":{"start":{"line":23,"column":4},"end":{"line":23,"column":42}},"13":{"start":{"line":26,"column":4},"end":{"line":26,"column":46}}},"fnMap":{},"branchMap":{"0":{"loc":{"start":{"line":15,"column":4},"end":{"line":20,"column":5}},"type":"if","locations":[{"start":{"line":15,"column":4},"end":{"line":20,"column":5}},{"start":{"line":15,"column":4},"end":{"line":20,"column":5}}],"line":15},"1":{"loc":{"start":{"line":18,"column":9},"end":{"line":20,"column":5}},"type":"if","locations":[{"start":{"line":18,"column":9},"end":{"line":20,"column":5}},{"start":{"line":18,"column":9},"end":{"line":20,"column":5}}],"line":18},"2":{"loc":{"start":{"line":22,"column":0},"end":{"line":27,"column":1}},"type":"if","locations":[{"start":{"line":22,"column":0},"end":{"line":27,"column":1}},{"start":{"line":22,"column":0},"end":{"line":27,"column":1}}],"line":22}},"s":{"0":0,"1":0,"2":0,"3":0,"4":0,"5":0,"6":0,"7":0,"8":0,"9":0,"10":0,"11":0,"12":0,"13":0},"f":{},"b":{"0":[0,0],"1":[0,0],"2":[0,0]}},"/home/admin6/Desktop/bridgelabz/datastructures/unOrderedList.js":{"path":"/home/admin6/Desktop/bridgelabz/datastructures/unOrderedList.js","statementMap":{"0":{"start":{"line":7,"column":12},"end":{"line":7,"column":47}},"1":{"start":{"line":8,"column":13},"end":{"line":8,"column":37}},"2":{"start":{"line":9,"column":18},"end":{"line":9,"column":31}},"3":{"start":{"line":11,"column":9},"end":{"line":11,"column":22}},"4":{"start":{"line":12,"column":17},"end":{"line":12,"column":70}},"5":{"start":{"line":14,"column":0},"end":{"line":16,"column":1}},"6":{"start":{"line":15,"column":4},"end":{"line":15,"column":37}},"7":{"start":{"line":17,"column":10},"end":{"line":17,"column":48}},"8":{"start":{"line":18,"column":0},"end":{"line":18,"column":28}}},"fnMap":{},"branchMap":{},"s":{"0":0,"1":0,"2":0,"3":0,"4":0,"5":0,"6":0,"7":0,"8":0},"f":{},"b":{}},"/home/admin6/Desktop/bridgelabz/functional/coupon.js":{"path":"/home/admin6/Desktop/bridgelabz/functional/coupon.js","statementMap":{"0":{"start":{"line":1,"column":12},"end":{"line":1,"column":41}},"1":{"start":{"line":2,"column":8},"end":{"line":2,"column":24}},"2":{"start":{"line":3,"column":0},"end":{"line":3,"column":17}}},"fnMap":{},"branchMap":{},"s":{"0":0,"1":0,"2":0},"f":{},"b":{}},"/home/admin6/Desktop/bridgelabz/functional/distance.js":{"path":"/home/admin6/Desktop/bridgelabz/functional/distance.js","statementMap":{"0":{"start":{"line":1,"column":12},"end":{"line":1,"column":41}},"1":{"start":{"line":2,"column":8},"end":{"line":2,"column":26}},"2":{"start":{"line":3,"column":0},"end":{"line":3,"column":17}}},"fnMap":{},"branchMap":{},"s":{"0":0,"1":0,"2":0},"f":{},"b":{}},"/home/admin6/Desktop/bridgelabz/functional/flipcoin.js":{"path":"/home/admin6/Desktop/bridgelabz/functional/flipcoin.js","statementMap":{"0":{"start":{"line":1,"column":12},"end":{"line":1,"column":41}},"1":{"start":{"line":2,"column":0},"end":{"line":2,"column":15}}},"fnMap":{},"branchMap":{},"s":{"0":0,"1":0},"f":{},"b":{}},"/home/admin6/Desktop/bridgelabz/functional/gambler.js":{"path":"/home/admin6/Desktop/bridgelabz/functional/gambler.js","statementMap":{"0":{"start":{"line":1,"column":12},"end":{"line":1,"column":41}},"1":{"start":{"line":2,"column":0},"end":{"line":2,"column":18}}},"fnMap":{},"branchMap":{},"s":{"0":0,"1":0},"f":{},"b":{}},"/home/admin6/Desktop/bridgelabz/functional/harmonic.js":{"path":"/home/admin6/Desktop/bridgelabz/functional/harmonic.js","statementMap":{"0":{"start":{"line":1,"column":12},"end":{"line":1,"column":41}},"1":{"start":{"line":2,"column":8},"end":{"line":2,"column":26}},"2":{"start":{"line":3,"column":0},"end":{"line":3,"column":17}}},"fnMap":{},"branchMap":{},"s":{"0":0,"1":0,"2":0},"f":{},"b":{}},"/home/admin6/Desktop/bridgelabz/functional/leapyear.js":{"path":"/home/admin6/Desktop/bridgelabz/functional/leapyear.js","statementMap":{"0":{"start":{"line":1,"column":12},"end":{"line":1,"column":41}},"1":{"start":{"line":2,"column":8},"end":{"line":2,"column":22}},"2":{"start":{"line":3,"column":0},"end":{"line":8,"column":1}},"3":{"start":{"line":4,"column":4},"end":{"line":4,"column":40}},"4":{"start":{"line":7,"column":4},"end":{"line":7,"column":40}}},"fnMap":{},"branchMap":{"0":{"loc":{"start":{"line":3,"column":0},"end":{"line":8,"column":1}},"type":"if","locations":[{"start":{"line":3,"column":0},"end":{"line":8,"column":1}},{"start":{"line":3,"column":0},"end":{"line":8,"column":1}}],"line":3}},"s":{"0":0,"1":0,"2":0,"3":0,"4":0},"f":{},"b":{"0":[0,0]}},"/home/admin6/Desktop/bridgelabz/functional/permeutationofstring.js":{"path":"/home/admin6/Desktop/bridgelabz/functional/permeutationofstring.js","statementMap":{},"fnMap":{},"branchMap":{},"s":{},"f":{},"b":{}},"/home/admin6/Desktop/bridgelabz/functional/power.js":{"path":"/home/admin6/Desktop/bridgelabz/functional/power.js","statementMap":{"0":{"start":{"line":1,"column":12},"end":{"line":1,"column":41}},"1":{"start":{"line":2,"column":0},"end":{"line":2,"column":16}}},"fnMap":{},"branchMap":{},"s":{"0":0,"1":0},"f":{},"b":{}},"/home/admin6/Desktop/bridgelabz/functional/primefactors.js":{"path":"/home/admin6/Desktop/bridgelabz/functional/primefactors.js","statementMap":{"0":{"start":{"line":1,"column":12},"end":{"line":1,"column":41}},"1":{"start":{"line":2,"column":0},"end":{"line":2,"column":22}}},"fnMap":{},"branchMap":{},"s":{"0":0,"1":0},"f":{},"b":{}},"/home/admin6/Desktop/bridgelabz/functional/quadratic.js":{"path":"/home/admin6/Desktop/bridgelabz/functional/quadratic.js","statementMap":{"0":{"start":{"line":1,"column":12},"end":{"line":1,"column":41}},"1":{"start":{"line":2,"column":0},"end":{"line":2,"column":20}}},"fnMap":{},"branchMap":{},"s":{"0":0,"1":0},"f":{},"b":{}},"/home/admin6/Desktop/bridgelabz/functional/stopwatch.js":{"path":"/home/admin6/Desktop/bridgelabz/functional/stopwatch.js","statementMap":{"0":{"start":{"line":1,"column":12},"end":{"line":1,"column":41}},"1":{"start":{"line":2,"column":8},"end":{"line":2,"column":27}},"2":{"start":{"line":3,"column":0},"end":{"line":3,"column":17}}},"fnMap":{},"branchMap":{},"s":{"0":0,"1":0,"2":0},"f":{},"b":{}},"/home/admin6/Desktop/bridgelabz/functional/stringreplace.js":{"path":"/home/admin6/Desktop/bridgelabz/functional/stringreplace.js","statementMap":{"0":{"start":{"line":1,"column":12},"end":{"line":1,"column":41}},"1":{"start":{"line":3,"column":8},"end":{"line":3,"column":31}},"2":{"start":{"line":4,"column":0},"end":{"line":4,"column":43}},"3":{"start":{"line":5,"column":0},"end":{"line":10,"column":1}},"4":{"start":{"line":6,"column":0},"end":{"line":6,"column":17}},"5":{"start":{"line":9,"column":2},"end":{"line":9,"column":39}}},"fnMap":{},"branchMap":{"0":{"loc":{"start":{"line":5,"column":0},"end":{"line":10,"column":1}},"type":"if","locations":[{"start":{"line":5,"column":0},"end":{"line":10,"column":1}},{"start":{"line":5,"column":0},"end":{"line":10,"column":1}}],"line":5}},"s":{"0":0,"1":0,"2":0,"3":0,"4":0,"5":0},"f":{},"b":{"0":[0,0]}},"/home/admin6/Desktop/bridgelabz/functional/tictactoe.js":{"path":"/home/admin6/Desktop/bridgelabz/functional/tictactoe.js","statementMap":{"0":{"start":{"line":1,"column":15},"end":{"line":1,"column":39}},"1":{"start":{"line":3,"column":10},"end":{"line":3,"column":11}},"2":{"start":{"line":3,"column":22},"end":{"line":3,"column":23}},"3":{"start":{"line":4,"column":10},"end":{"line":4,"column":12}},"4":{"start":{"line":5,"column":9},"end":{"line":5,"column":11}},"5":{"start":{"line":8,"column":1},"end":{"line":10,"column":2}},"6":{"start":{"line":9,"column":2},"end":{"line":9,"column":17}},"7":{"start":{"line":15,"column":1},"end":{"line":15,"column":55}},"8":{"start":{"line":16,"column":1},"end":{"line":16,"column":28}},"9":{"start":{"line":17,"column":1},"end":{"line":17,"column":55}},"10":{"start":{"line":18,"column":1},"end":{"line":18,"column":28}},"11":{"start":{"line":19,"column":1},"end":{"line":19,"column":55}},"12":{"start":{"line":20,"column":1},"end":{"line":20,"column":15}},"13":{"start":{"line":25,"column":1},"end":{"line":30,"column":8}},"14":{"start":{"line":27,"column":2},"end":{"line":27,"column":8}},"15":{"start":{"line":28,"column":6},"end":{"line":30,"column":8}},"16":{"start":{"line":30,"column":2},"end":{"line":30,"column":8}},"17":{"start":{"line":35,"column":1},"end":{"line":40,"column":8}},"18":{"start":{"line":37,"column":2},"end":{"line":37,"column":8}},"19":{"start":{"line":38,"column":6},"end":{"line":40,"column":8}},"20":{"start":{"line":40,"column":2},"end":{"line":40,"column":8}},"21":{"start":{"line":45,"column":1},"end":{"line":45,"column":13}},"22":{"start":{"line":46,"column":1},"end":{"line":46,"column":25}},"23":{"start":{"line":47,"column":1},"end":{"line":47,"column":13}},"24":{"start":{"line":49,"column":1},"end":{"line":99,"column":2}},"25":{"start":{"line":50,"column":2},"end":{"line":50,"column":20}},"26":{"start":{"line":51,"column":2},"end":{"line":62,"column":3}},"27":{"start":{"line":52,"column":11},"end":{"line":52,"column":38}},"28":{"start":{"line":53,"column":3},"end":{"line":53,"column":17}},"29":{"start":{"line":54,"column":3},"end":{"line":60,"column":4}},"30":{"start":{"line":55,"column":4},"end":{"line":55,"column":13}},"31":{"start":{"line":56,"column":4},"end":{"line":56,"column":69}},"32":{"start":{"line":57,"column":4},"end":{"line":57,"column":17}},"33":{"start":{"line":58,"column":4},"end":{"line":58,"column":14}},"34":{"start":{"line":59,"column":4},"end":{"line":59,"column":10}},"35":{"start":{"line":61,"column":3},"end":{"line":61,"column":24}},"36":{"start":{"line":63,"column":2},"end":{"line":63,"column":14}},"37":{"start":{"line":64,"column":2},"end":{"line":64,"column":21}},"38":{"start":{"line":66,"column":2},"end":{"line":69,"column":3}},"39":{"start":{"line":67,"column":3},"end":{"line":67,"column":46}},"40":{"start":{"line":68,"column":3},"end":{"line":68,"column":9}},"41":{"start":{"line":70,"column":2},"end":{"line":73,"column":3}},"42":{"start":{"line":71,"column":3},"end":{"line":71,"column":30}},"43":{"start":{"line":72,"column":3},"end":{"line":72,"column":9}},"44":{"start":{"line":75,"column":2},"end":{"line":75,"column":80}},"45":{"start":{"line":77,"column":2},"end":{"line":92,"column":3}},"46":{"start":{"line":78,"column":3},"end":{"line":78,"column":21}},"47":{"start":{"line":79,"column":11},"end":{"line":79,"column":38}},"48":{"start":{"line":80,"column":3},"end":{"line":80,"column":23}},"49":{"start":{"line":81,"column":3},"end":{"line":89,"column":4}},"50":{"start":{"line":82,"column":4},"end":{"line":82,"column":13}},"51":{"start":{"line":83,"column":4},"end":{"line":83,"column":17}},"52":{"start":{"line":84,"column":4},"end":{"line":84,"column":14}},"53":{"start":{"line":85,"column":4},"end":{"line":85,"column":10}},"54":{"start":{"line":88,"column":4},"end":{"line":88,"column":48}},"55":{"start":{"line":91,"column":3},"end":{"line":91,"column":24}},"56":{"start":{"line":93,"column":2},"end":{"line":93,"column":14}},"57":{"start":{"line":94,"column":2},"end":{"line":94,"column":16}},"58":{"start":{"line":95,"column":2},"end":{"line":98,"column":3}},"59":{"start":{"line":96,"column":3},"end":{"line":96,"column":26}},"60":{"start":{"line":97,"column":3},"end":{"line":97,"column":9}},"61":{"start":{"line":104,"column":0},"end":{"line":104,"column":7}}},"fnMap":{"0":{"name":"initializeNullToSpace","decl":{"start":{"line":7,"column":9},"end":{"line":7,"column":30}},"loc":{"start":{"line":7,"column":33},"end":{"line":11,"column":1}},"line":7},"1":{"name":"printGame","decl":{"start":{"line":13,"column":9},"end":{"line":13,"column":18}},"loc":{"start":{"line":13,"column":21},"end":{"line":22,"column":1}},"line":13},"2":{"name":"checkComputerWin","decl":{"start":{"line":24,"column":9},"end":{"line":24,"column":25}},"loc":{"start":{"line":24,"column":28},"end":{"line":32,"column":1}},"line":24},"3":{"name":"checkYouWin","decl":{"start":{"line":34,"column":9},"end":{"line":34,"column":20}},"loc":{"start":{"line":34,"column":23},"end":{"line":42,"column":1}},"line":34},"4":{"name":"main","decl":{"start":{"line":44,"column":9},"end":{"line":44,"column":13}},"loc":{"start":{"line":44,"column":16},"end":{"line":102,"column":1}},"line":44}},"branchMap":{"0":{"loc":{"start":{"line":25,"column":1},"end":{"line":30,"column":8}},"type":"if","locations":[{"start":{"line":25,"column":1},"end":{"line":30,"column":8}},{"start":{"line":25,"column":1},"end":{"line":30,"column":8}}],"line":25},"1":{"loc":{"start":{"line":25,"column":5},"end":{"line":26,"column":86}},"type":"binary-expr","locations":[{"start":{"line":25,"column":6},"end":{"line":25,"column":16}},{"start":{"line":25,"column":20},"end":{"line":25,"column":30}},{"start":{"line":25,"column":34},"end":{"line":25,"column":44}},{"start":{"line":25,"column":50},"end":{"line":25,"column":60}},{"start":{"line":25,"column":64},"end":{"line":25,"column":74}},{"start":{"line":25,"column":78},"end":{"line":25,"column":88}},{"start":{"line":26,"column":3},"end":{"line":26,"column":13}},{"start":{"line":26,"column":17},"end":{"line":26,"column":27}},{"start":{"line":26,"column":31},"end":{"line":26,"column":41}},{"start":{"line":26,"column":47},"end":{"line":26,"column":57}},{"start":{"line":26,"column":61},"end":{"line":26,"column":71}},{"start":{"line":26,"column":75},"end":{"line":26,"column":85}}],"line":25},"2":{"loc":{"start":{"line":28,"column":6},"end":{"line":30,"column":8}},"type":"if","locations":[{"start":{"line":28,"column":6},"end":{"line":30,"column":8}},{"start":{"line":28,"column":6},"end":{"line":30,"column":8}}],"line":28},"3":{"loc":{"start":{"line":28,"column":10},"end":{"line":29,"column":86}},"type":"binary-expr","locations":[{"start":{"line":28,"column":11},"end":{"line":28,"column":21}},{"start":{"line":28,"column":25},"end":{"line":28,"column":35}},{"start":{"line":28,"column":39},"end":{"line":28,"column":49}},{"start":{"line":28,"column":55},"end":{"line":28,"column":65}},{"start":{"line":28,"column":69},"end":{"line":28,"column":79}},{"start":{"line":28,"column":83},"end":{"line":28,"column":93}},{"start":{"line":29,"column":3},"end":{"line":29,"column":13}},{"start":{"line":29,"column":17},"end":{"line":29,"column":27}},{"start":{"line":29,"column":31},"end":{"line":29,"column":41}},{"start":{"line":29,"column":47},"end":{"line":29,"column":57}},{"start":{"line":29,"column":61},"end":{"line":29,"column":71}},{"start":{"line":29,"column":75},"end":{"line":29,"column":85}}],"line":28},"4":{"loc":{"start":{"line":35,"column":1},"end":{"line":40,"column":8}},"type":"if","locations":[{"start":{"line":35,"column":1},"end":{"line":40,"column":8}},{"start":{"line":35,"column":1},"end":{"line":40,"column":8}}],"line":35},"5":{"loc":{"start":{"line":35,"column":5},"end":{"line":36,"column":86}},"type":"binary-expr","locations":[{"start":{"line":35,"column":6},"end":{"line":35,"column":16}},{"start":{"line":35,"column":20},"end":{"line":35,"column":30}},{"start":{"line":35,"column":34},"end":{"line":35,"column":44}},{"start":{"line":35,"column":50},"end":{"line":35,"column":60}},{"start":{"line":35,"column":64},"end":{"line":35,"column":74}},{"start":{"line":35,"column":78},"end":{"line":35,"column":88}},{"start":{"line":36,"column":3},"end":{"line":36,"column":13}},{"start":{"line":36,"column":17},"end":{"line":36,"column":27}},{"start":{"line":36,"column":31},"end":{"line":36,"column":41}},{"start":{"line":36,"column":47},"end":{"line":36,"column":57}},{"start":{"line":36,"column":61},"end":{"line":36,"column":71}},{"start":{"line":36,"column":75},"end":{"line":36,"column":85}}],"line":35},"6":{"loc":{"start":{"line":38,"column":6},"end":{"line":40,"column":8}},"type":"if","locations":[{"start":{"line":38,"column":6},"end":{"line":40,"column":8}},{"start":{"line":38,"column":6},"end":{"line":40,"column":8}}],"line":38},"7":{"loc":{"start":{"line":38,"column":10},"end":{"line":39,"column":86}},"type":"binary-expr","locations":[{"start":{"line":38,"column":11},"end":{"line":38,"column":21}},{"start":{"line":38,"column":25},"end":{"line":38,"column":35}},{"start":{"line":38,"column":39},"end":{"line":38,"column":49}},{"start":{"line":38,"column":55},"end":{"line":38,"column":65}},{"start":{"line":38,"column":69},"end":{"line":38,"column":79}},{"start":{"line":38,"column":83},"end":{"line":38,"column":93}},{"start":{"line":39,"column":3},"end":{"line":39,"column":13}},{"start":{"line":39,"column":17},"end":{"line":39,"column":27}},{"start":{"line":39,"column":31},"end":{"line":39,"column":41}},{"start":{"line":39,"column":47},"end":{"line":39,"column":57}},{"start":{"line":39,"column":61},"end":{"line":39,"column":71}},{"start":{"line":39,"column":75},"end":{"line":39,"column":85}}],"line":38},"8":{"loc":{"start":{"line":54,"column":3},"end":{"line":60,"column":4}},"type":"if","locations":[{"start":{"line":54,"column":3},"end":{"line":60,"column":4}},{"start":{"line":54,"column":3},"end":{"line":60,"column":4}}],"line":54},"9":{"loc":{"start":{"line":54,"column":7},"end":{"line":54,"column":35}},"type":"binary-expr","locations":[{"start":{"line":54,"column":7},"end":{"line":54,"column":19}},{"start":{"line":54,"column":21},"end":{"line":54,"column":35}}],"line":54},"10":{"loc":{"start":{"line":66,"column":2},"end":{"line":69,"column":3}},"type":"if","locations":[{"start":{"line":66,"column":2},"end":{"line":69,"column":3}},{"start":{"line":66,"column":2},"end":{"line":69,"column":3}}],"line":66},"11":{"loc":{"start":{"line":70,"column":2},"end":{"line":73,"column":3}},"type":"if","locations":[{"start":{"line":70,"column":2},"end":{"line":73,"column":3}},{"start":{"line":70,"column":2},"end":{"line":73,"column":3}}],"line":70},"12":{"loc":{"start":{"line":81,"column":3},"end":{"line":89,"column":4}},"type":"if","locations":[{"start":{"line":81,"column":3},"end":{"line":89,"column":4}},{"start":{"line":81,"column":3},"end":{"line":89,"column":4}}],"line":81},"13":{"loc":{"start":{"line":81,"column":18},"end":{"line":81,"column":28}},"type":"binary-expr","locations":[{"start":{"line":81,"column":18},"end":{"line":81,"column":21}},{"start":{"line":81,"column":25},"end":{"line":81,"column":28}}],"line":81},"14":{"loc":{"start":{"line":95,"column":2},"end":{"line":98,"column":3}},"type":"if","locations":[{"start":{"line":95,"column":2},"end":{"line":98,"column":3}},{"start":{"line":95,"column":2},"end":{"line":98,"column":3}}],"line":95}},"s":{"0":0,"1":0,"2":0,"3":0,"4":0,"5":0,"6":0,"7":0,"8":0,"9":0,"10":0,"11":0,"12":0,"13":0,"14":0,"15":0,"16":0,"17":0,"18":0,"19":0,"20":0,"21":0,"22":0,"23":0,"24":0,"25":0,"26":0,"27":0,"28":0,"29":0,"30":0,"31":0,"32":0,"33":0,"34":0,"35":0,"36":0,"37":0,"38":0,"39":0,"40":0,"41":0,"42":0,"43":0,"44":0,"45":0,"46":0,"47":0,"48":0,"49":0,"50":0,"51":0,"52":0,"53":0,"54":0,"55":0,"56":0,"57":0,"58":0,"59":0,"60":0,"61":0},"f":{"0":0,"1":0,"2":0,"3":0,"4":0},"b":{"0":[0,0],"1":[0,0,0,0,0,0,0,0,0,0,0,0],"2":[0,0],"3":[0,0,0,0,0,0,0,0,0,0,0,0],"4":[0,0],"5":[0,0,0,0,0,0,0,0,0,0,0,0],"6":[0,0],"7":[0,0,0,0,0,0,0,0,0,0,0,0],"8":[0,0],"9":[0,0],"10":[0,0],"11":[0,0],"12":[0,0],"13":[0,0],"14":[0,0]}},"/home/admin6/Desktop/bridgelabz/functional/triplets.js":{"path":"/home/admin6/Desktop/bridgelabz/functional/triplets.js","statementMap":{"0":{"start":{"line":1,"column":12},"end":{"line":1,"column":41}},"1":{"start":{"line":2,"column":8},"end":{"line":2,"column":26}},"2":{"start":{"line":3,"column":0},"end":{"line":3,"column":17}}},"fnMap":{},"branchMap":{},"s":{"0":0,"1":0,"2":0},"f":{},"b":{}},"/home/admin6/Desktop/bridgelabz/functional/twodarray.js":{"path":"/home/admin6/Desktop/bridgelabz/functional/twodarray.js","statementMap":{"0":{"start":{"line":1,"column":12},"end":{"line":1,"column":41}},"1":{"start":{"line":2,"column":8},"end":{"line":2,"column":29}},"2":{"start":{"line":3,"column":0},"end":{"line":3,"column":26}}},"fnMap":{},"branchMap":{},"s":{"0":0,"1":0,"2":0},"f":{},"b":{}},"/home/admin6/Desktop/bridgelabz/functional/windchill.js":{"path":"/home/admin6/Desktop/bridgelabz/functional/windchill.js","statementMap":{"0":{"start":{"line":1,"column":12},"end":{"line":1,"column":41}},"1":{"start":{"line":2,"column":8},"end":{"line":2,"column":27}},"2":{"start":{"line":3,"column":0},"end":{"line":3,"column":17}}},"fnMap":{},"branchMap":{},"s":{"0":0,"1":0,"2":0},"f":{},"b":{}},"/home/admin6/Desktop/bridgelabz/Utility/deQueueutil.js":{"path":"/home/admin6/Desktop/bridgelabz/Utility/deQueueutil.js","statementMap":{"0":{"start":{"line":6,"column":0},"end":{"line":44,"column":1}},"1":{"start":{"line":7,"column":16},"end":{"line":7,"column":18}},"2":{"start":{"line":8,"column":3},"end":{"line":10,"column":4}},"3":{"start":{"line":9,"column":7},"end":{"line":9,"column":29}},"4":{"start":{"line":11,"column":3},"end":{"line":13,"column":4}},"5":{"start":{"line":12,"column":7},"end":{"line":12,"column":26}},"6":{"start":{"line":14,"column":3},"end":{"line":23,"column":4}},"7":{"start":{"line":15,"column":7},"end":{"line":22,"column":8}},"8":{"start":{"line":16,"column":10},"end":{"line":16,"column":40}},"9":{"start":{"line":19,"column":23},"end":{"line":19,"column":38}},"10":{"start":{"line":21,"column":7},"end":{"line":21,"column":26}},"11":{"start":{"line":24,"column":3},"end":{"line":32,"column":4}},"12":{"start":{"line":25,"column":4},"end":{"line":31,"column":6}},"13":{"start":{"line":26,"column":8},"end":{"line":26,"column":38}},"14":{"start":{"line":29,"column":23},"end":{"line":29,"column":36}},"15":{"start":{"line":30,"column":7},"end":{"line":30,"column":26}},"16":{"start":{"line":33,"column":3},"end":{"line":40,"column":4}},"17":{"start":{"line":34,"column":7},"end":{"line":39,"column":8}},"18":{"start":{"line":35,"column":12},"end":{"line":35,"column":24}},"19":{"start":{"line":38,"column":11},"end":{"line":38,"column":24}},"20":{"start":{"line":41,"column":3},"end":{"line":43,"column":4}},"21":{"start":{"line":42,"column":7},"end":{"line":42,"column":29}}},"fnMap":{"0":{"name":"Dequeue","decl":{"start":{"line":6,"column":24},"end":{"line":6,"column":31}},"loc":{"start":{"line":6,"column":33},"end":{"line":44,"column":1}},"line":6},"1":{"name":"(anonymous_1)","decl":{"start":{"line":8,"column":17},"end":{"line":8,"column":18}},"loc":{"start":{"line":8,"column":31},"end":{"line":10,"column":4}},"line":8},"2":{"name":"(anonymous_2)","decl":{"start":{"line":11,"column":16},"end":{"line":11,"column":17}},"loc":{"start":{"line":11,"column":30},"end":{"line":13,"column":4}},"line":11},"3":{"name":"(anonymous_3)","decl":{"start":{"line":14,"column":20},"end":{"line":14,"column":21}},"loc":{"start":{"line":14,"column":30},"end":{"line":23,"column":4}},"line":14},"4":{"name":"(anonymous_4)","decl":{"start":{"line":24,"column":19},"end":{"line":24,"column":20}},"loc":{"start":{"line":24,"column":29},"end":{"line":32,"column":4}},"line":24},"5":{"name":"(anonymous_5)","decl":{"start":{"line":33,"column":16},"end":{"line":33,"column":17}},"loc":{"start":{"line":33,"column":26},"end":{"line":40,"column":4}},"line":33},"6":{"name":"(anonymous_6)","decl":{"start":{"line":41,"column":13},"end":{"line":41,"column":14}},"loc":{"start":{"line":41,"column":23},"end":{"line":43,"column":4}},"line":41}},"branchMap":{"0":{"loc":{"start":{"line":15,"column":7},"end":{"line":22,"column":8}},"type":"if","locations":[{"start":{"line":15,"column":7},"end":{"line":22,"column":8}},{"start":{"line":15,"column":7},"end":{"line":22,"column":8}}],"line":15},"1":{"loc":{"start":{"line":25,"column":4},"end":{"line":31,"column":6}},"type":"if","locations":[{"start":{"line":25,"column":4},"end":{"line":31,"column":6}},{"start":{"line":25,"column":4},"end":{"line":31,"column":6}}],"line":25},"2":{"loc":{"start":{"line":34,"column":7},"end":{"line":39,"column":8}},"type":"if","locations":[{"start":{"line":34,"column":7},"end":{"line":39,"column":8}},{"start":{"line":34,"column":7},"end":{"line":39,"column":8}}],"line":34}},"s":{"0":0,"1":0,"2":0,"3":0,"4":0,"5":0,"6":0,"7":0,"8":0,"9":0,"10":0,"11":0,"12":0,"13":0,"14":0,"15":0,"16":0,"17":0,"18":0,"19":0,"20":0,"21":0},"f":{"0":0,"1":0,"2":0,"3":0,"4":0,"5":0,"6":0},"b":{"0":[0,0],"1":[0,0],"2":[0,0]}},"/home/admin6/Desktop/bridgelabz/Utility/orderedutil.js":{"path":"/home/admin6/Desktop/bridgelabz/Utility/orderedutil.js","statementMap":{"0":{"start":{"line":6,"column":0},"end":{"line":221,"column":1}},"1":{"start":{"line":7,"column":13},"end":{"line":7,"column":17}},"2":{"start":{"line":8,"column":15},"end":{"line":8,"column":16}},"3":{"start":{"line":9,"column":13},"end":{"line":12,"column":5}},"4":{"start":{"line":10,"column":8},"end":{"line":10,"column":23}},"5":{"start":{"line":11,"column":8},"end":{"line":11,"column":23}},"6":{"start":{"line":14,"column":4},"end":{"line":60,"column":5}},"7":{"start":{"line":15,"column":17},"end":{"line":15,"column":31}},"8":{"start":{"line":16,"column":8},"end":{"line":16,"column":18}},"9":{"start":{"line":17,"column":8},"end":{"line":17,"column":25}},"10":{"start":{"line":18,"column":8},"end":{"line":59,"column":9}},"11":{"start":{"line":19,"column":12},"end":{"line":19,"column":22}},"12":{"start":{"line":20,"column":12},"end":{"line":20,"column":21}},"13":{"start":{"line":22,"column":13},"end":{"line":59,"column":9}},"14":{"start":{"line":23,"column":12},"end":{"line":31,"column":13}},"15":{"start":{"line":24,"column":16},"end":{"line":24,"column":38}},"16":{"start":{"line":25,"column":16},"end":{"line":25,"column":26}},"17":{"start":{"line":26,"column":16},"end":{"line":26,"column":25}},"18":{"start":{"line":29,"column":16},"end":{"line":29,"column":38}},"19":{"start":{"line":30,"column":16},"end":{"line":30,"column":25}},"20":{"start":{"line":34,"column":12},"end":{"line":52,"column":13}},"21":{"start":{"line":35,"column":16},"end":{"line":50,"column":17}},"22":{"start":{"line":36,"column":20},"end":{"line":36,"column":35}},"23":{"start":{"line":37,"column":20},"end":{"line":37,"column":30}},"24":{"start":{"line":38,"column":20},"end":{"line":38,"column":28}},"25":{"start":{"line":39,"column":20},"end":{"line":39,"column":26}},"26":{"start":{"line":41,"column":21},"end":{"line":50,"column":17}},"27":{"start":{"line":42,"column":20},"end":{"line":42,"column":35}},"28":{"start":{"line":43,"column":20},"end":{"line":43,"column":42}},"29":{"start":{"line":44,"column":20},"end":{"line":44,"column":29}},"30":{"start":{"line":45,"column":20},"end":{"line":45,"column":26}},"31":{"start":{"line":48,"column":20},"end":{"line":48,"column":37}},"32":{"start":{"line":49,"column":20},"end":{"line":49,"column":49}},"33":{"start":{"line":54,"column":12},"end":{"line":57,"column":13}},"34":{"start":{"line":55,"column":16},"end":{"line":55,"column":31}},"35":{"start":{"line":56,"column":16},"end":{"line":56,"column":25}},"36":{"start":{"line":61,"column":4},"end":{"line":94,"column":5}},"37":{"start":{"line":62,"column":8},"end":{"line":62,"column":25}},"38":{"start":{"line":63,"column":8},"end":{"line":93,"column":9}},"39":{"start":{"line":64,"column":12},"end":{"line":64,"column":34}},"40":{"start":{"line":65,"column"
[...]
e":112,"column":4}},{"start":{"line":108,"column":4},"end":{"line":112,"column":4}}],"line":108},"7":{"loc":{"start":{"line":110,"column":4},"end":{"line":111,"column":19}},"type":"if","locations":[{"start":{"line":110,"column":4},"end":{"line":111,"column":19}},{"start":{"line":110,"column":4},"end":{"line":111,"column":19}}],"line":110},"8":{"loc":{"start":{"line":126,"column":8},"end":{"line":129,"column":27}},"type":"if","locations":[{"start":{"line":126,"column":8},"end":{"line":129,"column":27}},{"start":{"line":126,"column":8},"end":{"line":129,"column":27}}],"line":126},"9":{"loc":{"start":{"line":131,"column":8},"end":{"line":140,"column":9}},"type":"if","locations":[{"start":{"line":131,"column":8},"end":{"line":140,"column":9}},{"start":{"line":131,"column":8},"end":{"line":140,"column":9}}],"line":131},"10":{"loc":{"start":{"line":136,"column":13},"end":{"line":140,"column":9}},"type":"if","locations":[{"start":{"line":136,"column":13},"end":{"line":140,"column":9}},{"start":{"line":136,"column":13},"end":{"line":140,"column":9}}],"line":136},"11":{"loc":{"start":{"line":164,"column":12},"end":{"line":167,"column":13}},"type":"if","locations":[{"start":{"line":164,"column":12},"end":{"line":167,"column":13}},{"start":{"line":164,"column":12},"end":{"line":167,"column":13}}],"line":164},"12":{"loc":{"start":{"line":222,"column":5},"end":{"line":223,"column":43}},"type":"if","locations":[{"start":{"line":222,"column":5},"end":{"line":223,"column":43}},{"start":{"line":222,"column":5},"end":{"line":223,"column":43}}],"line":222},"13":{"loc":{"start":{"line":304,"column":4},"end":{"line":311,"column":5}},"type":"if","locations":[{"start":{"line":304,"column":4},"end":{"line":311,"column":5}},{"start":{"line":304,"column":4},"end":{"line":311,"column":5}}],"line":304},"14":{"loc":{"start":{"line":308,"column":12},"end":{"line":309,"column":25}},"type":"if","locations":[{"start":{"line":308,"column":12},"end":{"line":309,"column":25}},{"start":{"line":308,"column":12},"end":{"line":309,"column":25}}],"line":308},"15":{"loc":{"start":{"line":325,"column":8},"end":{"line":326,"column":21}},"type":"if","locations":[{"start":{"line":325,"column":8},"end":{"line":326,"column":21}},{"start":{"line":325,"column":8},"end":{"line":326,"column":21}}],"line":325},"16":{"loc":{"start":{"line":337,"column":4},"end":{"line":338,"column":19}},"type":"if","locations":[{"start":{"line":337,"column":4},"end":{"line":338,"column":19}},{"start":{"line":337,"column":4},"end":{"line":338,"column":19}}],"line":337},"17":{"loc":{"start":{"line":350,"column":4},"end":{"line":353,"column":18}},"type":"if","locations":[{"start":{"line":350,"column":4},"end":{"line":353,"column":18}},{"start":{"line":350,"column":4},"end":{"line":353,"column":18}}],"line":350},"18":{"loc":{"start":{"line":366,"column":8},"end":{"line":367,"column":34}},"type":"if","locations":[{"start":{"line":366,"column":8},"end":{"line":367,"column":34}},{"start":{"line":366,"column":8},"end":{"line":367,"column":34}}],"line":366},"19":{"loc":{"start":{"line":375,"column":12},"end":{"line":379,"column":13}},"type":"if","locations":[{"start":{"line":375,"column":12},"end":{"line":379,"column":13}},{"start":{"line":375,"column":12},"end":{"line":379,"column":13}}],"line":375},"20":{"loc":{"start":{"line":381,"column":8},"end":{"line":382,"column":31}},"type":"if","locations":[{"start":{"line":381,"column":8},"end":{"line":382,"column":31}},{"start":{"line":381,"column":8},"end":{"line":382,"column":31}}],"line":381},"21":{"loc":{"start":{"line":389,"column":10},"end":{"line":391,"column":12}},"type":"if","locations":[{"start":{"line":389,"column":10},"end":{"line":391,"column":12}},{"start":{"line":389,"column":10},"end":{"line":391,"column":12}}],"line":389},"22":{"loc":{"start":{"line":408,"column":12},"end":{"line":412,"column":13}},"type":"if","locations":[{"start":{"line":408,"column":12},"end":{"line":412,"column":13}},{"start":{"line":408,"column":12},"end":{"line":412,"column":13}}],"line":408},"23":{"loc":{"start":{"line":426,"column":12},"end":{"line":435,"column":16}},"type":"if","locations":[{"start":{"line":426,"column":12},"end":{"line":435,"column":16}},{"start":{"line":426,"column":12},"end":{"line":435,"column":16}}],"line":426},"24":{"loc":{"start":{"line":426,"column":15},"end":{"line":427,"column":57}},"type":"binary-expr","locations":[{"start":{"line":426,"column":16},"end":{"line":426,"column":20}},{"start":{"line":426,"column":22},"end":{"line":426,"column":35}},{"start":{"line":427,"column":15},"end":{"line":427,"column":19}},{"start":{"line":427,"column":23},"end":{"line":427,"column":37}},{"start":{"line":427,"column":41},"end":{"line":427,"column":55}}],"line":426},"25":{"loc":{"start":{"line":448,"column":12},"end":{"line":457,"column":16}},"type":"if","locations":[{"start":{"line":448,"column":12},"end":{"line":457,"column":16}},{"start":{"line":448,"column":12},"end":{"line":457,"column":16}}],"line":448},"26":{"loc":{"start":{"line":448,"column":15},"end":{"line":449,"column":57}},"type":"binary-expr","locations":[{"start":{"line":448,"column":16},"end":{"line":448,"column":20}},{"start":{"line":448,"column":22},"end":{"line":448,"column":35}},{"start":{"line":449,"column":15},"end":{"line":449,"column":19}},{"start":{"line":449,"column":23},"end":{"line":449,"column":37}},{"start":{"line":449,"column":41},"end":{"line":449,"column":55}}],"line":448},"27":{"loc":{"start":{"line":477,"column":8},"end":{"line":485,"column":9}},"type":"if","locations":[{"start":{"line":477,"column":8},"end":{"line":485,"column":9}},{"start":{"line":477,"column":8},"end":{"line":485,"column":9}}],"line":477},"28":{"loc":{"start":{"line":480,"column":13},"end":{"line":485,"column":9}},"type":"if","locations":[{"start":{"line":480,"column":13},"end":{"line":485,"column":9}},{"start":{"line":480,"column":13},"end":{"line":485,"column":9}}],"line":480},"29":{"loc":{"start":{"line":483,"column":13},"end":{"line":485,"column":9}},"type":"if","locations":[{"start":{"line":483,"column":13},"end":{"line":485,"column":9}},{"start":{"line":483,"column":13},"end":{"line":485,"column":9}}],"line":483},"30":{"loc":{"start":{"line":488,"column":4},"end":{"line":489,"column":18}},"type":"if","locations":[{"start":{"line":488,"column":4},"end":{"line":489,"column":18}},{"start":{"line":488,"column":4},"end":{"line":489,"column":18}}],"line":488},"31":{"loc":{"start":{"line":504,"column":8},"end":{"line":512,"column":9}},"type":"if","locations":[{"start":{"line":504,"column":8},"end":{"line":512,"column":9}},{"start":{"line":504,"column":8},"end":{"line":512,"column":9}}],"line":504},"32":{"loc":{"start":{"line":507,"column":13},"end":{"line":512,"column":9}},"type":"if","locations":[{"start":{"line":507,"column":13},"end":{"line":512,"column":9}},{"start":{"line":507,"column":13},"end":{"line":512,"column":9}}],"line":507},"33":{"loc":{"start":{"line":510,"column":13},"end":{"line":512,"column":9}},"type":"if","locations":[{"start":{"line":510,"column":13},"end":{"line":512,"column":9}},{"start":{"line":510,"column":13},"end":{"line":512,"column":9}}],"line":510},"34":{"loc":{"start":{"line":515,"column":4},"end":{"line":516,"column":18}},"type":"if","locations":[{"start":{"line":515,"column":4},"end":{"line":516,"column":18}},{"start":{"line":515,"column":4},"end":{"line":516,"column":18}}],"line":515},"35":{"loc":{"start":{"line":531,"column":8},"end":{"line":534,"column":9}},"type":"if","locations":[{"start":{"line":531,"column":8},"end":{"line":534,"column":9}},{"start":{"line":531,"column":8},"end":{"line":534,"column":9}}],"line":531},"36":{"loc":{"start":{"line":537,"column":8},"end":{"line":542,"column":9}},"type":"if","locations":[{"start":{"line":537,"column":8},"end":{"line":542,"column":9}},{"start":{"line":537,"column":8},"end":{"line":542,"column":9}}],"line":537},"37":{"loc":{"start":{"line":540,"column":13},"end":{"line":542,"column":9}},"type":"if","locations":[{"start":{"line":540,"column":13},"end":{"line":542,"column":9}},{"start":{"line":540,"column":13},"end":{"line":542,"column":9}}],"line":540},"38":{"loc":{"start":{"line":556,"column":8},"end":{"line":560,"column":9}},"type":"if","locations":[{"start":{"line":556,"column":8},"end":{"line":560,"column":9}},{"start":{"line":556,"column":8},"end":{"line":560,"column":9}}],"line":556},"39":{"loc":{"start":{"line":581,"column":4},"end":{"line":582,"column":42}},"type":"if","locations":[{"start":{"line":581,"column":4},"end":{"line":582,"column":42}},{"start":{"line":581,"column":4},"end":{"line":582,"column":42}}],"line":581},"40":{"loc":{"start":{"line":607,"column":0},"end":{"line":614,"column":1}},"type":"if","locations":[{"start":{"line":607,"column":0},"end":{"line":614,"column":1}},{"start":{"line":607,"column":0},"end":{"line":614,"column":1}}],"line":607},"41":{"loc":{"start":{"line":611,"column":5},"end":{"line":614,"column":1}},"type":"if","locations":[{"start":{"line":611,"column":5},"end":{"line":614,"column":1}},{"start":{"line":611,"column":5},"end":{"line":614,"column":1}}],"line":611},"42":{"loc":{"start":{"line":669,"column":8},"end":{"line":670,"column":25}},"type":"if","locations":[{"start":{"line":669,"column":8},"end":{"line":670,"column":25}},{"start":{"line":669,"column":8},"end":{"line":670,"column":25}}],"line":669},"43":{"loc":{"start":{"line":700,"column":4},"end":{"line":711,"column":5}},"type":"if","locations":[{"start":{"line":700,"column":4},"end":{"line":711,"column":5}},{"start":{"line":700,"column":4},"end":{"line":711,"column":5}}],"line":700},"44":{"loc":{"start":{"line":731,"column":11},"end":{"line":731,"column":27}},"type":"binary-expr","locations":[{"start":{"line":731,"column":11},"end":{"line":731,"column":17}},{"start":{"line":731,"column":21},"end":{"line":731,"column":27}}],"line":731},"45":{"loc":{"start":{"line":733,"column":8},"end":{"line":746,"column":9}},"type":"if","locations":[{"start":{"line":733,"column":8},"end":{"line":746,"column":9}},{"start":{"line":733,"column":8},"end":{"line":746,"column":9}}],"line":733},"46":{"loc":{"start":{"line":738,"column":13},"end":{"line":746,"column":9}},"type":"if","locations":[{"start":{"line":738,"column":13},"end":{"line":746,"column":9}},{"start":{"line":738,"column":13},"end":{"line":746,"column":9}}],"line":738}},"s":{"0":0,"1":0,"2":0,"3":0,"4":0,"5":0,"6":0,"7":0,"8":0,"9":0,"10":0,"11":0,"12":0,"13":0,"14":0,"15":0,"16":0,"17":0,"18":0,"19":0,"20":0,"21":0,"22":0,"23":0,"24":0,"25":0,"26":0,"27":0,"28":0,"29":0,"30":0,"31":0,"32":0,"33":0,"34":0,"35":0,"36":0,"37":0,"38":0,"39":0,"40":0,"41":0,"42":0,"43":0,"44":0,"45":0,"46":0,"47":0,"48":0,"49":0,"50":0,"51":0,"52":0,"53":0,"54":0,"55":0,"56":0,"57":0,"58":0,"59":0,"60":0,"61":0,"62":0,"63":0,"64":0,"65":0,"66":0,"67":0,"68":0,"69":0,"70":0,"71":0,"72":0,"73":0,"74":0,"75":0,"76":0,"77":0,"78":0,"79":0,"80":0,"81":0,"82":0,"83":0,"84":0,"85":0,"86":0,"87":0,"88":0,"89":0,"90":0,"91":0,"92":0,"93":0,"94":0,"95":0,"96":0,"97":0,"98":0,"99":0,"100":0,"101":0,"102":0,"103":0,"104":0,"105":0,"106":0,"107":0,"108":0,"109":0,"110":0,"111":0,"112":0,"113":0,"114":0,"115":0,"116":0,"117":0,"118":0,"119":0,"120":0,"121":0,"122":0,"123":0,"124":0,"125":0,"126":0,"127":0,"128":0,"129":0,"130":0,"131":0,"132":0,"133":0,"134":0,"135":0,"136":0,"137":0,"138":0,"139":0,"140":0,"141":0,"142":0,"143":0,"144":0,"145":0,"146":0,"147":0,"148":0,"149":0,"150":0,"151":0,"152":0,"153":0,"154":0,"155":0,"156":0,"157":0,"158":0,"159":0,"160":0,"161":0,"162":0,"163":0,"164":0,"165":0,"166":0,"167":0,"168":0,"169":0,"170":0,"171":0,"172":0,"173":0,"174":0,"175":0,"176":0,"177":0,"178":0,"179":0,"180":0,"181":0,"182":0,"183":0,"184":0,"185":0,"186":0,"187":0,"188":0,"189":0,"190":0,"191":0,"192":0,"193":0,"194":0,"195":0,"196":0,"197":0,"198":0,"199":0,"200":0,"201":0,"202":0,"203":0,"204":0,"205":0,"206":0,"207":0,"208":0,"209":0,"210":0,"211":0,"212":0,"213":0,"214":0,"215":0,"216":0,"217":0,"218":0,"219":0,"220":0,"221":0,"222":0,"223":0,"224":0,"225":0,"226":0,"227":0,"228":0,"229":0,"230":0,"231":0,"232":0,"233":0,"234":0,"235":0,"236":0,"237":0,"238":0,"239":0,"240":0,"241":0,"242":0,"243":0,"244":0,"245":0,"246":0,"247":0,"248":0,"249":0,"250":0,"251":0,"252":0,"253":0,"254":0,"255":0,"256":0,"257":0,"258":0,"259":0,"260":0,"261":0,"262":0,"263":0,"264":0,"265":0,"266":0,"267":0,"268":0,"269":0,"270":0,"271":0,"272":0,"273":0,"274":0,"275":0,"276":0,"277":0,"278":0,"279":0,"280":0,"281":0,"282":0,"283":0,"284":0,"285":0,"286":0,"287":0,"288":0,"289":0,"290":0,"291":0,"292":0,"293":0,"294":0,"295":0,"296":0,"297":0,"298":0,"299":0,"300":0,"301":0,"302":0,"303":0,"304":0,"305":0,"306":0,"307":0,"308":0,"309":0,"310":0,"311":0,"312":0,"313":0,"314":0,"315":0,"316":0,"317":0,"318":0,"319":0,"320":0,"321":0,"322":0,"323":0,"324":0,"325":0,"326":0,"327":0,"328":0,"329":0,"330":0,"331":0,"332":0,"333":0,"334":0,"335":0,"336":0,"337":0,"338":0,"339":0,"340":0,"341":0,"342":0,"343":0,"344":0,"345":0,"346":0,"347":0,"348":0,"349":0,"350":0,"351":0,"352":0,"353":0,"354":0,"355":0,"356":0,"357":0,"358":0,"359":0,"360":0,"361":0,"362":0,"363":0,"364":0,"365":0,"366":0,"367":0,"368":0,"369":0,"370":0,"371":0,"372":0,"373":0,"374":0,"375":0,"376":0,"377":0,"378":0,"379":0,"380":0,"381":0,"382":0,"383":0,"384":0,"385":0,"386":0,"387":0,"388":0,"389":0,"390":0,"391":0,"392":0,"393":0,"394":0,"395":0,"396":0,"397":0,"398":0,"399":0,"400":0,"401":0,"402":0,"403":0,"404":0,"405":0,"406":0,"407":0,"408":0,"409":0,"410":0,"411":0,"412":0,"413":0,"414":0,"415":0,"416":0,"417":0},"f":{"0":0},"b":{"0":[0,0],"1":[0,0],"2":[0,0],"3":[0,0],"4":[0,0],"5":[0,0],"6":[0,0],"7":[0,0],"8":[0,0],"9":[0,0],"10":[0,0],"11":[0,0],"12":[0,0],"13":[0,0],"14":[0,0],"15":[0,0],"16":[0,0],"17":[0,0],"18":[0,0],"19":[0,0],"20":[0,0],"21":[0,0],"22":[0,0],"23":[0,0],"24":[0,0,0,0,0],"25":[0,0],"26":[0,0,0,0,0],"27":[0,0],"28":[0,0],"29":[0,0],"30":[0,0],"31":[0,0],"32":[0,0],"33":[0,0],"34":[0,0],"35":[0,0],"36":[0,0],"37":[0,0],"38":[0,0],"39":[0,0],"40":[0,0],"41":[0,0],"42":[0,0],"43":[0,0],"44":[0,0],"45":[0,0],"46":[0,0]}},"/home/admin6/Desktop/bridgelabz/Utility/utility2.js":{"path":"/home/admin6/Desktop/bridgelabz/Utility/utility2.js","statementMap":{"0":{"start":{"line":1,"column":12},"end":{"line":1,"column":41}},"1":{"start":{"line":2,"column":0},"end":{"line":120,"column":1}},"2":{"start":{"line":11,"column":8},"end":{"line":11,"column":22}},"3":{"start":{"line":12,"column":8},"end":{"line":12,"column":22}},"4":{"start":{"line":13,"column":8},"end":{"line":13,"column":22}},"5":{"start":{"line":14,"column":16},"end":{"line":14,"column":39}},"6":{"start":{"line":15,"column":14},"end":{"line":15,"column":71}},"7":{"start":{"line":16,"column":15},"end":{"line":16,"column":43}},"8":{"start":{"line":17,"column":15},"end":{"line":17,"column":45}},"9":{"start":{"line":18,"column":8},"end":{"line":18,"column":29}},"10":{"start":{"line":27,"column":8},"end":{"line":27,"column":28}},"11":{"start":{"line":29,"column":8},"end":{"line":44,"column":9}},"12":{"start":{"line":30,"column":12},"end":{"line":40,"column":13}},"13":{"start":{"line":31,"column":16},"end":{"line":36,"column":17}},"14":{"start":{"line":32,"column":20},"end":{"line":32,"column":34}},"15":{"start":{"line":35,"column":20},"end":{"line":35,"column":35}},"16":{"start":{"line":39,"column":16},"end":{"line":39,"column":30}},"17":{"start":{"line":43,"column":12},"end":{"line":43,"column":27}},"18":{"start":{"line":46,"column":8},"end":{"line":46,"column":24}},"19":{"start":{"line":57,"column":8},"end":{"line":79,"column":9}},"20":{"start":{"line":64,"column":21},"end":{"line":64,"column":31}},"21":{"start":{"line":69,"column":20},"end":{"line":69,"column":30}},"22":{"start":{"line":72,"column":25},"end":{"line":72,"column":40}},"23":{"start":{"line":73,"column":16},"end":{"line":78,"column":17}},"24":{"start":{"line":74,"column":16},"end":{"line":74,"column":26}},"25":{"start":{"line":77,"column":16},"end":{"line":77,"column":26}},"26":{"start":{"line":87,"column":19},"end":{"line":87,"column":21}},"27":{"start":{"line":88,"column":8},"end":{"line":88,"column":18}},"28":{"start":{"line":89,"column":8},"end":{"line":89,"column":18}},"29":{"start":{"line":90,"column":8},"end":{"line":101,"column":9}},"30":{"start":{"line":91,"column":22},"end":{"line":91,"column":24}},"31":{"start":{"line":92,"column":12},"end":{"line":97,"column":13}},"32":{"start":{"line":93,"column":26},"end":{"line":93,"column":44}},"33":{"start":{"line":94,"column":16},"end":{"line":96,"column":17}},"34":{"start":{"line":95,"column":16},"end":{"line":95,"column":30}},"35":{"start":{"line":98,"column":12},"end":{"line":98,"column":31}},"36":{"start":{"line":99,"column":12},"end":{"line":99,"column":32}},"37":{"start":{"line":100,"column":12},"end":{"line":100,"column":28}},"38":{"start":{"line":102,"column":8},"end":{"line":102,"column":22}},"39":{"start":{"line":111,"column":16},"end":{"line":111,"column":18}},"40":{"start":{"line":112,"column":4},"end":{"line":116,"column":5}},"41":{"start":{"line":113,"column":8},"end":{"line":115,"column":9}},"42":{"start":{"line":114,"column":9},"end":{"line":114,"column":35}},"43":{"start":{"line":117,"column":4},"end":{"line":117,"column":18}}},"fnMap":{},"branchMap":{"0":{"loc":{"start":{"line":29,"column":8},"end":{"line":44,"column":9}},"type":"if","locations":[{"start":{"line":29,"column":8},"end":{"line":44,"column":9}},{"start":{"line":29,"column":8},"end":{"line":44,"column":9}}],"line":29},"1":{"loc":{"start":{"line":30,"column":12},"end":{"line":40,"column":13}},"type":"if","locations":[{"start":{"line":30,"column":12},"end":{"line":40,"column":13}},{"start":{"line":30,"column":12},"end":{"line":40,"column":13}}],"line":30},"2":{"loc":{"start":{"line":31,"column":16},"end":{"line":36,"column":17}},"type":"if","locations":[{"start":{"line":31,"column":16},"end":{"line":36,"column":17}},{"start":{"line":31,"column":16},"end":{"line":36,"column":17}}],"line":31},"3":{"loc":{"start":{"line":57,"column":8},"end":{"line":79,"column":9}},"type":"switch","locations":[{"start":{"line":58,"column":12},"end":{"line":58,"column":19}},{"start":{"line":59,"column":12},"end":{"line":59,"column":19}},{"start":{"line":60,"column":12},"end":{"line":60,"column":19}},{"start":{"line":61,"column":12},"end":{"line":61,"column":19}},{"start":{"line":62,"column":12},"end":{"line":62,"column":19}},{"start":{"line":63,"column":12},"end":{"line":63,"column":20}},{"start":{"line":64,"column":12},"end":{"line":64,"column":31}},{"start":{"line":66,"column":12},"end":{"line":66,"column":19}},{"start":{"line":67,"column":12},"end":{"line":67,"column":19}},{"start":{"line":68,"column":12},"end":{"line":68,"column":19}},{"start":{"line":69,"column":12},"end":{"line":69,"column":30}},{"start":{"line":71,"column":12},"end":{"line":78,"column":17}}],"line":57},"4":{"loc":{"start":{"line":73,"column":16},"end":{"line":78,"column":17}},"type":"if","locations":[{"start":{"line":73,"column":16},"end":{"line":78,"column":17}},{"start":{"line":73,"column":16},"end":{"line":78,"column":17}}],"line":73},"5":{"loc":{"start":{"line":94,"column":16},"end":{"line":96,"column":17}},"type":"if","locations":[{"start":{"line":94,"column":16},"end":{"line":96,"column":17}},{"start":{"line":94,"column":16},"end":{"line":96,"column":17}}],"line":94},"6":{"loc":{"start":{"line":94,"column":19},"end":{"line":94,"column":35}},"type":"binary-expr","locations":[{"start":{"line":94,"column":19},"end":{"line":94,"column":30}},{"start":{"line":94,"column":32},"end":{"line":94,"column":35}}],"line":94}},"s":{"0":0,"1":0,"2":0,"3":0,"4":0,"5":0,"6":0,"7":0,"8":0,"9":0,"10":0,"11":0,"12":0,"13":0,"14":0,"15":0,"16":0,"17":0,"18":0,"19":0,"20":0,"21":0,"22":0,"23":0,"24":0,"25":0,"26":0,"27":0,"28":0,"29":0,"30":0,"31":0,"32":0,"33":0,"34":0,"35":0,"36":0,"37":0,"38":0,"39":0,"40":0,"41":0,"42":0,"43":0},"f":{},"b":{"0":[0,0],"1":[0,0],"2":[0,0],"3":[0,0,0,0,0,0,0,0,0,0,0,0],"4":[0,0],"5":[0,0],"6":[0,0]}}}